date=2026-06-29T14:56:06+09:00
root=/home/willtek/OnDeviceAI
port=18000
recreate_venv=1

Linux raspberrypi 6.6.62+rpt-rpi-2712 #1 SMP PREEMPT Debian 1:6.6.62-1+rpt1 (2024-11-25) aarch64 GNU/Linux

Python 3.11.2
pip 23.0.1 from /usr/lib/python3/dist-packages/pip (python 3.11)

2ce1304
 M README.md
 M "SW_Bootcamp_13\352\270\260_\354\265\234\354\242\205\354\240\234\354\266\234/SW_Bootcamp_13\352\270\260_A\353\260\230_3\355\214\200_\354\232\224\352\265\254\354\202\254\355\225\255_\353\252\205\354\204\270\354\204\234.md"
 M "SW_Bootcamp_13\352\270\260_\354\265\234\354\242\205\354\240\234\354\266\234/SW_Bootcamp_13\352\270\260_A\353\260\230_3\355\214\200_\355\217\211\352\260\200\352\262\260\352\263\274.html"
 M camera-worker/.env.example
 M camera-worker/README.md
 M camera-worker/requirements.txt
 M server/README.md
 M server/app/web/static/js/dashboard.js
 M server/app/web/templates/index.html
?? RUN.md
?? camera-worker/scripts/verify_worker_smoke.py
?? log/
?? scripts/
?? test-results/
?? tests/
