+ set -x
+ cd /home/willtek/OnDeviceAI/camera-worker
+ python3 -m venv .venv
+ .venv/bin/python -m pip install --upgrade pip
Looking in indexes: https://pypi.org/simple, https://www.piwheels.org/simple
Requirement already satisfied: pip in ./.venv/lib/python3.11/site-packages (23.0.1)
Collecting pip
  Obtaining dependency information for pip from https://www.piwheels.org/simple/pip/pip-26.1.2-py3-none-any.whl.metadata
  Using cached https://www.piwheels.org/simple/pip/pip-26.1.2-py3-none-any.whl.metadata (4.6 kB)
Using cached https://www.piwheels.org/simple/pip/pip-26.1.2-py3-none-any.whl (1.8 MB)
Using cached https://www.piwheels.org/simple/pip/pip-26.1.2-py3-none-any.whl (1.8 MB)
Installing collected packages: pip
  Attempting uninstall: pip
    Found existing installation: pip 23.0.1
    Uninstalling pip-23.0.1:
      Successfully uninstalled pip-23.0.1
Successfully installed pip-26.1.2
+ .venv/bin/python -m pip install -r requirements.txt
Looking in indexes: https://pypi.org/simple, https://www.piwheels.org/simple
Collecting mediapipe==0.10.18 (from -r requirements.txt (line 1))
  Using cached mediapipe-0.10.18-cp311-cp311-manylinux_2_17_aarch64.manylinux2014_aarch64.whl.metadata (9.7 kB)
Collecting opencv-python==4.10.0.84 (from -r requirements.txt (line 2))
  Using cached opencv_python-4.10.0.84-cp37-abi3-manylinux_2_17_aarch64.manylinux2014_aarch64.whl.metadata (20 kB)
Collecting python-dotenv==1.0.1 (from -r requirements.txt (line 3))
  Using cached python_dotenv-1.0.1-py3-none-any.whl.metadata (23 kB)
Collecting requests==2.32.3 (from -r requirements.txt (line 4))
  Using cached requests-2.32.3-py3-none-any.whl.metadata (4.6 kB)
Collecting websocket-client==1.8.0 (from -r requirements.txt (line 5))
  Using cached websocket_client-1.8.0-py3-none-any.whl.metadata (8.0 kB)
Collecting absl-py (from mediapipe==0.10.18->-r requirements.txt (line 1))
  Using cached absl_py-2.4.0-py3-none-any.whl.metadata (3.3 kB)
Collecting attrs>=19.1.0 (from mediapipe==0.10.18->-r requirements.txt (line 1))
  Using cached attrs-26.1.0-py3-none-any.whl.metadata (8.8 kB)
Collecting flatbuffers>=2.0 (from mediapipe==0.10.18->-r requirements.txt (line 1))
  Using cached flatbuffers-25.12.19-py2.py3-none-any.whl.metadata (1.0 kB)
Collecting jax (from mediapipe==0.10.18->-r requirements.txt (line 1))
  Using cached jax-0.10.2-py3-none-any.whl.metadata (13 kB)
Collecting jaxlib (from mediapipe==0.10.18->-r requirements.txt (line 1))
  Using cached jaxlib-0.10.2-cp311-cp311-manylinux_2_27_aarch64.whl.metadata (1.3 kB)
Collecting matplotlib (from mediapipe==0.10.18->-r requirements.txt (line 1))
  Using cached matplotlib-3.11.0-cp311-cp311-manylinux_2_26_aarch64.manylinux_2_28_aarch64.whl.metadata (80 kB)
Collecting numpy<2 (from mediapipe==0.10.18->-r requirements.txt (line 1))
  Using cached numpy-1.26.4-cp311-cp311-manylinux_2_17_aarch64.manylinux2014_aarch64.whl.metadata (62 kB)
Collecting opencv-contrib-python (from mediapipe==0.10.18->-r requirements.txt (line 1))
  Using cached opencv_contrib_python-4.13.0.92-cp37-abi3-manylinux_2_28_aarch64.whl.metadata (19 kB)
Collecting protobuf<5,>=4.25.3 (from mediapipe==0.10.18->-r requirements.txt (line 1))
  Using cached protobuf-4.25.9-cp37-abi3-manylinux2014_aarch64.whl.metadata (541 bytes)
Collecting sounddevice>=0.4.4 (from mediapipe==0.10.18->-r requirements.txt (line 1))
  Using cached sounddevice-0.5.5-py3-none-any.whl.metadata (1.4 kB)
Collecting sentencepiece (from mediapipe==0.10.18->-r requirements.txt (line 1))
  Using cached sentencepiece-0.2.1-cp311-cp311-manylinux_2_27_aarch64.manylinux_2_28_aarch64.whl.metadata (10 kB)
Collecting charset-normalizer<4,>=2 (from requests==2.32.3->-r requirements.txt (line 4))
  Using cached charset_normalizer-3.4.7-cp311-cp311-manylinux2014_aarch64.manylinux_2_17_aarch64.manylinux_2_28_aarch64.whl.metadata (40 kB)
Collecting idna<4,>=2.5 (from requests==2.32.3->-r requirements.txt (line 4))
  Using cached idna-3.18-py3-none-any.whl.metadata (6.1 kB)
Collecting urllib3<3,>=1.21.1 (from requests==2.32.3->-r requirements.txt (line 4))
  Using cached urllib3-2.7.0-py3-none-any.whl.metadata (6.9 kB)
Collecting certifi>=2017.4.17 (from requests==2.32.3->-r requirements.txt (line 4))
  Using cached certifi-2026.6.17-py3-none-any.whl.metadata (2.5 kB)
Collecting cffi (from sounddevice>=0.4.4->mediapipe==0.10.18->-r requirements.txt (line 1))
  Using cached cffi-2.0.0-cp311-cp311-manylinux2014_aarch64.manylinux_2_17_aarch64.whl.metadata (2.6 kB)
Collecting pycparser (from cffi->sounddevice>=0.4.4->mediapipe==0.10.18->-r requirements.txt (line 1))
  Using cached pycparser-3.0-py3-none-any.whl.metadata (8.2 kB)
Collecting ml_dtypes>=0.5.0 (from jax->mediapipe==0.10.18->-r requirements.txt (line 1))
  Using cached ml_dtypes-0.5.4-cp311-cp311-manylinux_2_27_aarch64.manylinux_2_28_aarch64.whl.metadata (8.9 kB)
INFO: pip is looking at multiple versions of jax to determine which version is compatible with other requirements. This could take a while.
Collecting jax (from mediapipe==0.10.18->-r requirements.txt (line 1))
  Using cached jax-0.10.1-py3-none-any.whl.metadata (13 kB)
Collecting jaxlib (from mediapipe==0.10.18->-r requirements.txt (line 1))
  Using cached jaxlib-0.10.1-cp311-cp311-manylinux_2_27_aarch64.whl.metadata (1.3 kB)
Collecting jax (from mediapipe==0.10.18->-r requirements.txt (line 1))
  Using cached jax-0.10.0-py3-none-any.whl.metadata (13 kB)
Collecting jaxlib (from mediapipe==0.10.18->-r requirements.txt (line 1))
  Using cached jaxlib-0.10.0-cp311-cp311-manylinux_2_27_aarch64.whl.metadata (1.3 kB)
Collecting jax (from mediapipe==0.10.18->-r requirements.txt (line 1))
  Using cached jax-0.9.2-py3-none-any.whl.metadata (13 kB)
Collecting jaxlib (from mediapipe==0.10.18->-r requirements.txt (line 1))
  Using cached jaxlib-0.9.2-cp311-cp311-manylinux_2_27_aarch64.whl.metadata (1.3 kB)
Collecting jax (from mediapipe==0.10.18->-r requirements.txt (line 1))
  Using cached jax-0.9.1-py3-none-any.whl.metadata (13 kB)
Collecting jaxlib (from mediapipe==0.10.18->-r requirements.txt (line 1))
  Using cached jaxlib-0.9.1-cp311-cp311-manylinux_2_27_aarch64.whl.metadata (1.3 kB)
Collecting jax (from mediapipe==0.10.18->-r requirements.txt (line 1))
  Using cached jax-0.9.0.1-py3-none-any.whl.metadata (13 kB)
Collecting jaxlib (from mediapipe==0.10.18->-r requirements.txt (line 1))
  Using cached jaxlib-0.9.0.1-cp311-cp311-manylinux_2_27_aarch64.whl.metadata (1.3 kB)
Collecting jax (from mediapipe==0.10.18->-r requirements.txt (line 1))
  Using cached jax-0.9.0-py3-none-any.whl.metadata (13 kB)
Collecting jaxlib (from mediapipe==0.10.18->-r requirements.txt (line 1))
  Using cached jaxlib-0.9.0-cp311-cp311-manylinux_2_27_aarch64.whl.metadata (1.3 kB)
Collecting jax (from mediapipe==0.10.18->-r requirements.txt (line 1))
  Using cached jax-0.8.3-py3-none-any.whl.metadata (13 kB)
Collecting jaxlib (from mediapipe==0.10.18->-r requirements.txt (line 1))
  Using cached jaxlib-0.8.3-cp311-cp311-manylinux_2_27_aarch64.whl.metadata (1.3 kB)
INFO: pip is still looking at multiple versions of jax to determine which version is compatible with other requirements. This could take a while.
Collecting jax (from mediapipe==0.10.18->-r requirements.txt (line 1))
  Using cached jax-0.8.2-py3-none-any.whl.metadata (13 kB)
Collecting jaxlib (from mediapipe==0.10.18->-r requirements.txt (line 1))
  Using cached jaxlib-0.8.2-cp311-cp311-manylinux_2_27_aarch64.whl.metadata (1.3 kB)
Collecting jax (from mediapipe==0.10.18->-r requirements.txt (line 1))
  Using cached jax-0.8.1-py3-none-any.whl.metadata (13 kB)
Collecting jaxlib (from mediapipe==0.10.18->-r requirements.txt (line 1))
  Using cached jaxlib-0.8.1-cp311-cp311-manylinux_2_27_aarch64.whl.metadata (1.3 kB)
Collecting jax (from mediapipe==0.10.18->-r requirements.txt (line 1))
  Using cached jax-0.8.0-py3-none-any.whl.metadata (13 kB)
Collecting jaxlib (from mediapipe==0.10.18->-r requirements.txt (line 1))
  Using cached jaxlib-0.8.0-cp311-cp311-manylinux_2_27_aarch64.whl.metadata (1.3 kB)
Collecting jax (from mediapipe==0.10.18->-r requirements.txt (line 1))
  Using cached jax-0.7.2-py3-none-any.whl.metadata (13 kB)
Collecting jaxlib (from mediapipe==0.10.18->-r requirements.txt (line 1))
  Using cached jaxlib-0.7.2-cp311-cp311-manylinux_2_27_aarch64.whl.metadata (1.3 kB)
Collecting jax (from mediapipe==0.10.18->-r requirements.txt (line 1))
  Using cached jax-0.7.1-py3-none-any.whl.metadata (13 kB)
Collecting jaxlib (from mediapipe==0.10.18->-r requirements.txt (line 1))
  Using cached jaxlib-0.7.1-cp311-cp311-manylinux2014_aarch64.whl.metadata (1.3 kB)
Collecting opt_einsum (from jax->mediapipe==0.10.18->-r requirements.txt (line 1))
  Using cached opt_einsum-3.4.0-py3-none-any.whl.metadata (6.3 kB)
Collecting scipy>=1.12 (from jax->mediapipe==0.10.18->-r requirements.txt (line 1))
  Using cached scipy-1.17.1-cp311-cp311-manylinux_2_27_aarch64.manylinux_2_28_aarch64.whl.metadata (62 kB)
Collecting contourpy>=1.0.1 (from matplotlib->mediapipe==0.10.18->-r requirements.txt (line 1))
  Using cached contourpy-1.3.3-cp311-cp311-manylinux_2_26_aarch64.manylinux_2_28_aarch64.whl.metadata (5.5 kB)
Collecting cycler>=0.10 (from matplotlib->mediapipe==0.10.18->-r requirements.txt (line 1))
  Using cached cycler-0.12.1-py3-none-any.whl.metadata (3.8 kB)
Collecting fonttools>=4.22.0 (from matplotlib->mediapipe==0.10.18->-r requirements.txt (line 1))
  Using cached fonttools-4.63.0-cp311-cp311-manylinux2014_aarch64.manylinux_2_17_aarch64.manylinux_2_28_aarch64.whl.metadata (118 kB)
Collecting kiwisolver>=1.3.1 (from matplotlib->mediapipe==0.10.18->-r requirements.txt (line 1))
  Using cached kiwisolver-1.5.0-cp311-cp311-manylinux_2_24_aarch64.manylinux_2_28_aarch64.whl.metadata (5.1 kB)
Collecting packaging>=20.0 (from matplotlib->mediapipe==0.10.18->-r requirements.txt (line 1))
  Using cached packaging-26.2-py3-none-any.whl.metadata (3.5 kB)
Collecting pillow>=9 (from matplotlib->mediapipe==0.10.18->-r requirements.txt (line 1))
  Using cached pillow-12.2.0-cp311-cp311-manylinux_2_27_aarch64.manylinux_2_28_aarch64.whl.metadata (8.8 kB)
Collecting pyparsing>=3 (from matplotlib->mediapipe==0.10.18->-r requirements.txt (line 1))
  Using cached pyparsing-3.3.2-py3-none-any.whl.metadata (5.8 kB)
Collecting python-dateutil>=2.7 (from matplotlib->mediapipe==0.10.18->-r requirements.txt (line 1))
  Using cached python_dateutil-2.9.0.post0-py2.py3-none-any.whl.metadata (8.4 kB)
Collecting six>=1.5 (from python-dateutil>=2.7->matplotlib->mediapipe==0.10.18->-r requirements.txt (line 1))
  Using cached six-1.17.0-py2.py3-none-any.whl.metadata (1.7 kB)
INFO: pip is looking at multiple versions of opencv-contrib-python to determine which version is compatible with other requirements. This could take a while.
Collecting opencv-contrib-python (from mediapipe==0.10.18->-r requirements.txt (line 1))
  Using cached opencv_contrib_python-4.13.0.90-cp37-abi3-manylinux_2_28_aarch64.whl.metadata (19 kB)
  Using cached opencv_contrib_python-4.12.0.88-cp37-abi3-manylinux2014_aarch64.manylinux_2_17_aarch64.whl.metadata (19 kB)
  Using cached opencv_contrib_python-4.11.0.86-cp37-abi3-manylinux_2_17_aarch64.manylinux2014_aarch64.whl.metadata (20 kB)
Using cached mediapipe-0.10.18-cp311-cp311-manylinux_2_17_aarch64.manylinux2014_aarch64.whl (33.1 MB)
Using cached opencv_python-4.10.0.84-cp37-abi3-manylinux_2_17_aarch64.manylinux2014_aarch64.whl (41.7 MB)
Using cached python_dotenv-1.0.1-py3-none-any.whl (19 kB)
Using cached requests-2.32.3-py3-none-any.whl (64 kB)
Using cached websocket_client-1.8.0-py3-none-any.whl (58 kB)
Using cached charset_normalizer-3.4.7-cp311-cp311-manylinux2014_aarch64.manylinux_2_17_aarch64.manylinux_2_28_aarch64.whl (206 kB)
Using cached idna-3.18-py3-none-any.whl (65 kB)
Using cached numpy-1.26.4-cp311-cp311-manylinux_2_17_aarch64.manylinux2014_aarch64.whl (14.2 MB)
Using cached protobuf-4.25.9-cp37-abi3-manylinux2014_aarch64.whl (294 kB)
Using cached urllib3-2.7.0-py3-none-any.whl (131 kB)
Using cached attrs-26.1.0-py3-none-any.whl (67 kB)
Using cached certifi-2026.6.17-py3-none-any.whl (133 kB)
Using cached flatbuffers-25.12.19-py2.py3-none-any.whl (26 kB)
Using cached sounddevice-0.5.5-py3-none-any.whl (32 kB)
Using cached absl_py-2.4.0-py3-none-any.whl (135 kB)
Using cached cffi-2.0.0-cp311-cp311-manylinux2014_aarch64.manylinux_2_17_aarch64.whl (216 kB)
Using cached jax-0.7.1-py3-none-any.whl (2.8 MB)
Using cached jaxlib-0.7.1-cp311-cp311-manylinux2014_aarch64.whl (85.1 MB)
Using cached ml_dtypes-0.5.4-cp311-cp311-manylinux_2_27_aarch64.manylinux_2_28_aarch64.whl (5.1 MB)
Using cached scipy-1.17.1-cp311-cp311-manylinux_2_27_aarch64.manylinux_2_28_aarch64.whl (33.1 MB)
Using cached matplotlib-3.11.0-cp311-cp311-manylinux_2_26_aarch64.manylinux_2_28_aarch64.whl (10.8 MB)
Using cached contourpy-1.3.3-cp311-cp311-manylinux_2_26_aarch64.manylinux_2_28_aarch64.whl (329 kB)
Using cached cycler-0.12.1-py3-none-any.whl (8.3 kB)
Using cached fonttools-4.63.0-cp311-cp311-manylinux2014_aarch64.manylinux_2_17_aarch64.manylinux_2_28_aarch64.whl (5.1 MB)
Using cached kiwisolver-1.5.0-cp311-cp311-manylinux_2_24_aarch64.manylinux_2_28_aarch64.whl (1.2 MB)
Using cached packaging-26.2-py3-none-any.whl (100 kB)
Using cached pillow-12.2.0-cp311-cp311-manylinux_2_27_aarch64.manylinux_2_28_aarch64.whl (6.4 MB)
Using cached pyparsing-3.3.2-py3-none-any.whl (122 kB)
Using cached python_dateutil-2.9.0.post0-py2.py3-none-any.whl (229 kB)
Using cached six-1.17.0-py2.py3-none-any.whl (11 kB)
Using cached opencv_contrib_python-4.11.0.86-cp37-abi3-manylinux_2_17_aarch64.manylinux2014_aarch64.whl (47.9 MB)
Using cached opt_einsum-3.4.0-py3-none-any.whl (71 kB)
Using cached pycparser-3.0-py3-none-any.whl (48 kB)
Using cached sentencepiece-0.2.1-cp311-cp311-manylinux_2_27_aarch64.manylinux_2_28_aarch64.whl (1.3 MB)
Installing collected packages: flatbuffers, websocket-client, urllib3, six, sentencepiece, python-dotenv, pyparsing, pycparser, protobuf, pillow, packaging, opt_einsum, numpy, kiwisolver, idna, fonttools, cycler, charset-normalizer, certifi, attrs, absl-py, scipy, requests, python-dateutil, opencv-python, opencv-contrib-python, ml_dtypes, contourpy, cffi, sounddevice, matplotlib, jaxlib, jax, mediapipe

Successfully installed absl-py-2.4.0 attrs-26.1.0 certifi-2026.6.17 cffi-2.0.0 charset-normalizer-3.4.7 contourpy-1.3.3 cycler-0.12.1 flatbuffers-25.12.19 fonttools-4.63.0 idna-3.18 jax-0.7.1 jaxlib-0.7.1 kiwisolver-1.5.0 matplotlib-3.11.0 mediapipe-0.10.18 ml_dtypes-0.5.4 numpy-1.26.4 opencv-contrib-python-4.11.0.86 opencv-python-4.10.0.84 opt_einsum-3.4.0 packaging-26.2 pillow-12.2.0 protobuf-4.25.9 pycparser-3.0 pyparsing-3.3.2 python-dateutil-2.9.0.post0 python-dotenv-1.0.1 requests-2.32.3 scipy-1.17.1 sentencepiece-0.2.1 six-1.17.0 sounddevice-0.5.5 urllib3-2.7.0 websocket-client-1.8.0
+ .venv/bin/python -m pip check
No broken requirements found.
