date=2026-06-29T15:22:44+09:00
reinstall camera-worker requirements
Looking in indexes: https://pypi.org/simple, https://www.piwheels.org/simple
Requirement already satisfied: mediapipe==0.10.18 in ./.venv/lib/python3.11/site-packages (from -r requirements.txt (line 1)) (0.10.18)
Requirement already satisfied: opencv-python==4.10.0.84 in ./.venv/lib/python3.11/site-packages (from -r requirements.txt (line 2)) (4.10.0.84)
Requirement already satisfied: python-dotenv==1.0.1 in ./.venv/lib/python3.11/site-packages (from -r requirements.txt (line 3)) (1.0.1)
Requirement already satisfied: requests==2.32.3 in ./.venv/lib/python3.11/site-packages (from -r requirements.txt (line 4)) (2.32.3)
Requirement already satisfied: websocket-client==1.8.0 in ./.venv/lib/python3.11/site-packages (from -r requirements.txt (line 5)) (1.8.0)
Requirement already satisfied: absl-py in ./.venv/lib/python3.11/site-packages (from mediapipe==0.10.18->-r requirements.txt (line 1)) (2.4.0)
Requirement already satisfied: attrs>=19.1.0 in ./.venv/lib/python3.11/site-packages (from mediapipe==0.10.18->-r requirements.txt (line 1)) (26.1.0)
Requirement already satisfied: flatbuffers>=2.0 in ./.venv/lib/python3.11/site-packages (from mediapipe==0.10.18->-r requirements.txt (line 1)) (25.12.19)
Requirement already satisfied: jax in ./.venv/lib/python3.11/site-packages (from mediapipe==0.10.18->-r requirements.txt (line 1)) (0.7.1)
Requirement already satisfied: jaxlib in ./.venv/lib/python3.11/site-packages (from mediapipe==0.10.18->-r requirements.txt (line 1)) (0.7.1)
Requirement already satisfied: matplotlib in ./.venv/lib/python3.11/site-packages (from mediapipe==0.10.18->-r requirements.txt (line 1)) (3.11.0)
Requirement already satisfied: numpy<2 in ./.venv/lib/python3.11/site-packages (from mediapipe==0.10.18->-r requirements.txt (line 1)) (1.26.4)
Requirement already satisfied: opencv-contrib-python in ./.venv/lib/python3.11/site-packages (from mediapipe==0.10.18->-r requirements.txt (line 1)) (4.11.0.86)
Requirement already satisfied: protobuf<5,>=4.25.3 in ./.venv/lib/python3.11/site-packages (from mediapipe==0.10.18->-r requirements.txt (line 1)) (4.25.9)
Requirement already satisfied: sounddevice>=0.4.4 in ./.venv/lib/python3.11/site-packages (from mediapipe==0.10.18->-r requirements.txt (line 1)) (0.5.5)
Requirement already satisfied: sentencepiece in ./.venv/lib/python3.11/site-packages (from mediapipe==0.10.18->-r requirements.txt (line 1)) (0.2.1)
Requirement already satisfied: charset-normalizer<4,>=2 in ./.venv/lib/python3.11/site-packages (from requests==2.32.3->-r requirements.txt (line 4)) (3.4.7)
Requirement already satisfied: idna<4,>=2.5 in ./.venv/lib/python3.11/site-packages (from requests==2.32.3->-r requirements.txt (line 4)) (3.18)
Requirement already satisfied: urllib3<3,>=1.21.1 in ./.venv/lib/python3.11/site-packages (from requests==2.32.3->-r requirements.txt (line 4)) (2.7.0)
Requirement already satisfied: certifi>=2017.4.17 in ./.venv/lib/python3.11/site-packages (from requests==2.32.3->-r requirements.txt (line 4)) (2026.6.17)
Requirement already satisfied: cffi in ./.venv/lib/python3.11/site-packages (from sounddevice>=0.4.4->mediapipe==0.10.18->-r requirements.txt (line 1)) (2.0.0)
Requirement already satisfied: pycparser in ./.venv/lib/python3.11/site-packages (from cffi->sounddevice>=0.4.4->mediapipe==0.10.18->-r requirements.txt (line 1)) (3.0)
Requirement already satisfied: ml_dtypes>=0.5.0 in ./.venv/lib/python3.11/site-packages (from jax->mediapipe==0.10.18->-r requirements.txt (line 1)) (0.5.4)
Requirement already satisfied: opt_einsum in ./.venv/lib/python3.11/site-packages (from jax->mediapipe==0.10.18->-r requirements.txt (line 1)) (3.4.0)
Requirement already satisfied: scipy>=1.12 in ./.venv/lib/python3.11/site-packages (from jax->mediapipe==0.10.18->-r requirements.txt (line 1)) (1.17.1)
Requirement already satisfied: contourpy>=1.0.1 in ./.venv/lib/python3.11/site-packages (from matplotlib->mediapipe==0.10.18->-r requirements.txt (line 1)) (1.3.3)
Requirement already satisfied: cycler>=0.10 in ./.venv/lib/python3.11/site-packages (from matplotlib->mediapipe==0.10.18->-r requirements.txt (line 1)) (0.12.1)
Requirement already satisfied: fonttools>=4.22.0 in ./.venv/lib/python3.11/site-packages (from matplotlib->mediapipe==0.10.18->-r requirements.txt (line 1)) (4.63.0)
Requirement already satisfied: kiwisolver>=1.3.1 in ./.venv/lib/python3.11/site-packages (from matplotlib->mediapipe==0.10.18->-r requirements.txt (line 1)) (1.5.0)
Requirement already satisfied: packaging>=20.0 in ./.venv/lib/python3.11/site-packages (from matplotlib->mediapipe==0.10.18->-r requirements.txt (line 1)) (26.2)
Requirement already satisfied: pillow>=9 in ./.venv/lib/python3.11/site-packages (from matplotlib->mediapipe==0.10.18->-r requirements.txt (line 1)) (12.2.0)
Requirement already satisfied: pyparsing>=3 in ./.venv/lib/python3.11/site-packages (from matplotlib->mediapipe==0.10.18->-r requirements.txt (line 1)) (3.3.2)
Requirement already satisfied: python-dateutil>=2.7 in ./.venv/lib/python3.11/site-packages (from matplotlib->mediapipe==0.10.18->-r requirements.txt (line 1)) (2.9.0.post0)
Requirement already satisfied: six>=1.5 in ./.venv/lib/python3.11/site-packages (from python-dateutil>=2.7->matplotlib->mediapipe==0.10.18->-r requirements.txt (line 1)) (1.17.0)
No broken requirements found.
cv2 4.11.0
mediapipe 0.10.18
requests 2.32.3
websocket-client 1.8.0
