2026-06-30 15:00:59,737 INFO __main__ - Starting camera worker: camera_id=camera_02 server=http://10.56.30.79:8000 target_fps=10.00 pose_enabled=True keypoint_inference_fps=10.00 pose_input_width=256 jpeg_quality=80 worker_log=/home/willtek/OnDeviceAI/log/camera-worker-camera_02.log metrics_log=/home/willtek/OnDeviceAI/log/camera-worker-camera_02-metrics.jsonl
2026-06-30 15:01:00,272 INFO app.inference.pose_estimator - [camera_02] MediaPipe Pose ready (complexity=0 input_width=256)
2026-06-30 15:01:00,892 INFO app.network.websocket_client - Connecting camera websocket: ws://10.56.30.79:8000/api/cameras/camera_02/ws
2026-06-30 15:01:04,800 INFO app.metrics - metrics camera_id=camera_02 frame_fps=8.10 pose_fps=7.70 avg_capture_ms=12.9 avg_pose_ms=33.5 avg_encode_ms=2.1 avg_frame_upload_ms=0.4 avg_pose_upload_ms=0.3 avg_frame_kb=23.3 upload_kb_s=188.7 sent_frames=41 failed_frames=0 sent_poses=39 failed_poses=0
2026-06-30 15:01:09,815 INFO app.metrics - metrics camera_id=camera_02 frame_fps=9.97 pose_fps=10.17 avg_capture_ms=0.7 avg_pose_ms=44.3 avg_encode_ms=2.6 avg_frame_upload_ms=0.2 avg_pose_upload_ms=0.2 avg_frame_kb=23.2 upload_kb_s=231.4 sent_frames=50 failed_frames=0 sent_poses=51 failed_poses=0
2026-06-30 15:01:14,820 INFO app.metrics - metrics camera_id=camera_02 frame_fps=9.99 pose_fps=9.99 avg_capture_ms=0.5 avg_pose_ms=41.9 avg_encode_ms=2.6 avg_frame_upload_ms=0.2 avg_pose_upload_ms=0.3 avg_frame_kb=24.4 upload_kb_s=243.9 sent_frames=50 failed_frames=0 sent_poses=50 failed_poses=0
2026-06-30 15:01:19,823 INFO app.metrics - metrics camera_id=camera_02 frame_fps=9.99 pose_fps=9.99 avg_capture_ms=0.5 avg_pose_ms=41.2 avg_encode_ms=2.3 avg_frame_upload_ms=0.2 avg_pose_upload_ms=0.2 avg_frame_kb=24.2 upload_kb_s=241.7 sent_frames=50 failed_frames=0 sent_poses=50 failed_poses=0
2026-06-30 15:01:24,826 INFO app.metrics - metrics camera_id=camera_02 frame_fps=9.99 pose_fps=9.99 avg_capture_ms=0.4 avg_pose_ms=37.4 avg_encode_ms=2.0 avg_frame_upload_ms=0.2 avg_pose_upload_ms=0.1 avg_frame_kb=21.9 upload_kb_s=219.0 sent_frames=50 failed_frames=0 sent_poses=50 failed_poses=0
2026-06-30 15:01:29,830 INFO app.metrics - metrics camera_id=camera_02 frame_fps=9.99 pose_fps=9.99 avg_capture_ms=0.5 avg_pose_ms=37.7 avg_encode_ms=2.1 avg_frame_upload_ms=0.2 avg_pose_upload_ms=0.1 avg_frame_kb=21.9 upload_kb_s=219.1 sent_frames=50 failed_frames=0 sent_poses=50 failed_poses=0
2026-06-30 15:01:34,836 INFO app.metrics - metrics camera_id=camera_02 frame_fps=9.99 pose_fps=9.99 avg_capture_ms=0.5 avg_pose_ms=37.8 avg_encode_ms=2.1 avg_frame_upload_ms=0.2 avg_pose_upload_ms=0.2 avg_frame_kb=22.7 upload_kb_s=226.5 sent_frames=50 failed_frames=0 sent_poses=50 failed_poses=0
2026-06-30 15:01:39,841 INFO app.metrics - metrics camera_id=camera_02 frame_fps=9.99 pose_fps=9.99 avg_capture_ms=0.5 avg_pose_ms=34.2 avg_encode_ms=2.2 avg_frame_upload_ms=0.2 avg_pose_upload_ms=0.3 avg_frame_kb=24.0 upload_kb_s=239.8 sent_frames=50 failed_frames=0 sent_poses=50 failed_poses=0
2026-06-30 15:01:47,435 WARNING app.network.websocket_client - Could not send websocket message: timed out
2026-06-30 15:01:50,439 INFO app.network.websocket_client - Connecting camera websocket: ws://10.56.30.79:8000/api/cameras/camera_02/ws
2026-06-30 15:01:50,448 INFO app.metrics - metrics camera_id=camera_02 frame_fps=3.21 pose_fps=3.11 avg_capture_ms=0.7 avg_pose_ms=39.8 avg_encode_ms=2.6 avg_frame_upload_ms=216.5 avg_pose_upload_ms=42.8 avg_frame_kb=25.0 upload_kb_s=80.1 sent_frames=34 failed_frames=0 sent_poses=32 failed_poses=1
2026-06-30 15:01:55,473 INFO app.metrics - metrics camera_id=camera_02 frame_fps=10.15 pose_fps=9.95 avg_capture_ms=0.9 avg_pose_ms=41.5 avg_encode_ms=2.8 avg_frame_upload_ms=0.3 avg_pose_upload_ms=0.3 avg_frame_kb=24.7 upload_kb_s=250.5 sent_frames=51 failed_frames=0 sent_poses=50 failed_poses=0
2026-06-30 15:02:00,491 INFO app.metrics - metrics camera_id=camera_02 frame_fps=9.96 pose_fps=10.16 avg_capture_ms=0.8 avg_pose_ms=40.6 avg_encode_ms=2.9 avg_frame_upload_ms=0.3 avg_pose_upload_ms=0.3 avg_frame_kb=24.8 upload_kb_s=247.2 sent_frames=50 failed_frames=0 sent_poses=51 failed_poses=0
2026-06-30 15:02:05,496 INFO app.metrics - metrics camera_id=camera_02 frame_fps=9.99 pose_fps=9.99 avg_capture_ms=0.5 avg_pose_ms=39.7 avg_encode_ms=2.6 avg_frame_upload_ms=0.2 avg_pose_upload_ms=0.3 avg_frame_kb=25.0 upload_kb_s=249.7 sent_frames=50 failed_frames=0 sent_poses=50 failed_poses=0
2026-06-30 15:02:10,499 INFO app.metrics - metrics camera_id=camera_02 frame_fps=9.99 pose_fps=9.99 avg_capture_ms=0.6 avg_pose_ms=37.2 avg_encode_ms=2.4 avg_frame_upload_ms=0.2 avg_pose_upload_ms=0.3 avg_frame_kb=24.6 upload_kb_s=245.6 sent_frames=50 failed_frames=0 sent_poses=50 failed_poses=0
2026-06-30 15:02:15,503 INFO app.metrics - metrics camera_id=camera_02 frame_fps=9.99 pose_fps=9.99 avg_capture_ms=0.5 avg_pose_ms=34.8 avg_encode_ms=2.2 avg_frame_upload_ms=0.2 avg_pose_upload_ms=0.3 avg_frame_kb=24.8 upload_kb_s=248.0 sent_frames=50 failed_frames=0 sent_poses=50 failed_poses=0
2026-06-30 15:02:20,506 INFO app.metrics - metrics camera_id=camera_02 frame_fps=10.00 pose_fps=10.00 avg_capture_ms=0.5 avg_pose_ms=37.1 avg_encode_ms=2.4 avg_frame_upload_ms=0.2 avg_pose_upload_ms=0.3 avg_frame_kb=24.6 upload_kb_s=246.3 sent_frames=50 failed_frames=0 sent_poses=50 failed_poses=0
2026-06-30 15:02:25,509 INFO app.metrics - metrics camera_id=camera_02 frame_fps=9.99 pose_fps=9.99 avg_capture_ms=0.5 avg_pose_ms=32.4 avg_encode_ms=2.0 avg_frame_upload_ms=0.2 avg_pose_upload_ms=0.3 avg_frame_kb=24.4 upload_kb_s=244.1 sent_frames=50 failed_frames=0 sent_poses=50 failed_poses=0
2026-06-30 15:02:30,514 INFO app.metrics - metrics camera_id=camera_02 frame_fps=9.99 pose_fps=9.99 avg_capture_ms=0.5 avg_pose_ms=33.4 avg_encode_ms=2.1 avg_frame_upload_ms=0.2 avg_pose_upload_ms=0.3 avg_frame_kb=24.2 upload_kb_s=241.6 sent_frames=50 failed_frames=0 sent_poses=50 failed_poses=0
2026-06-30 15:02:36,244 WARNING app.network.websocket_client - Could not send websocket message: timed out
2026-06-30 15:02:39,247 INFO app.network.websocket_client - Connecting camera websocket: ws://10.56.30.79:8000/api/cameras/camera_02/ws
2026-06-30 15:02:39,251 INFO app.metrics - metrics camera_id=camera_02 frame_fps=1.95 pose_fps=1.72 avg_capture_ms=0.5 avg_pose_ms=32.3 avg_encode_ms=2.0 avg_frame_upload_ms=425.0 avg_pose_upload_ms=93.7 avg_frame_kb=24.3 upload_kb_s=47.3 sent_frames=17 failed_frames=0 sent_poses=14 failed_poses=1
2026-06-30 15:02:44,335 INFO app.metrics - metrics camera_id=camera_02 frame_fps=10.23 pose_fps=10.03 avg_capture_ms=0.5 avg_pose_ms=36.4 avg_encode_ms=2.3 avg_frame_upload_ms=0.2 avg_pose_upload_ms=0.3 avg_frame_kb=27.9 upload_kb_s=285.9 sent_frames=52 failed_frames=0 sent_poses=51 failed_poses=0
2026-06-30 15:02:49,339 INFO app.metrics - metrics camera_id=camera_02 frame_fps=9.99 pose_fps=9.99 avg_capture_ms=0.5 avg_pose_ms=36.7 avg_encode_ms=2.4 avg_frame_upload_ms=0.2 avg_pose_upload_ms=0.3 avg_frame_kb=26.6 upload_kb_s=265.5 sent_frames=50 failed_frames=0 sent_poses=50 failed_poses=0
2026-06-30 15:02:54,343 INFO app.metrics - metrics camera_id=camera_02 frame_fps=9.99 pose_fps=9.99 avg_capture_ms=0.5 avg_pose_ms=39.7 avg_encode_ms=2.6 avg_frame_upload_ms=0.2 avg_pose_upload_ms=0.4 avg_frame_kb=27.2 upload_kb_s=271.6 sent_frames=50 failed_frames=0 sent_poses=50 failed_poses=0
2026-06-30 15:02:59,347 INFO app.metrics - metrics camera_id=camera_02 frame_fps=9.99 pose_fps=9.99 avg_capture_ms=0.7 avg_pose_ms=40.6 avg_encode_ms=2.7 avg_frame_upload_ms=0.2 avg_pose_upload_ms=0.4 avg_frame_kb=26.8 upload_kb_s=267.7 sent_frames=50 failed_frames=0 sent_poses=50 failed_poses=0
2026-06-30 15:03:04,350 INFO app.metrics - metrics camera_id=camera_02 frame_fps=10.00 pose_fps=10.00 avg_capture_ms=0.6 avg_pose_ms=32.6 avg_encode_ms=2.1 avg_frame_upload_ms=0.2 avg_pose_upload_ms=0.3 avg_frame_kb=27.5 upload_kb_s=275.3 sent_frames=50 failed_frames=0 sent_poses=50 failed_poses=0
2026-06-30 15:03:09,355 INFO app.metrics - metrics camera_id=camera_02 frame_fps=9.99 pose_fps=9.99 avg_capture_ms=0.6 avg_pose_ms=39.4 avg_encode_ms=2.7 avg_frame_upload_ms=0.2 avg_pose_upload_ms=0.4 avg_frame_kb=28.0 upload_kb_s=279.3 sent_frames=50 failed_frames=0 sent_poses=50 failed_poses=0
2026-06-30 15:03:14,358 INFO app.metrics - metrics camera_id=camera_02 frame_fps=9.99 pose_fps=9.99 avg_capture_ms=0.6 avg_pose_ms=39.8 avg_encode_ms=2.7 avg_frame_upload_ms=0.2 avg_pose_upload_ms=0.4 avg_frame_kb=27.8 upload_kb_s=277.9 sent_frames=50 failed_frames=0 sent_poses=50 failed_poses=0
2026-06-30 15:03:19,363 INFO app.metrics - metrics camera_id=camera_02 frame_fps=9.99 pose_fps=9.99 avg_capture_ms=0.5 avg_pose_ms=39.6 avg_encode_ms=2.6 avg_frame_upload_ms=0.2 avg_pose_upload_ms=0.4 avg_frame_kb=27.8 upload_kb_s=277.3 sent_frames=50 failed_frames=0 sent_poses=50 failed_poses=0
2026-06-30 15:03:23,831 WARNING app.network.websocket_client - Could not send websocket message: timed out
2026-06-30 15:03:26,835 INFO app.network.websocket_client - Connecting camera websocket: ws://10.56.30.79:8000/api/cameras/camera_02/ws
2026-06-30 15:03:26,841 INFO app.metrics - metrics camera_id=camera_02 frame_fps=2.01 pose_fps=2.01 avg_capture_ms=0.6 avg_pose_ms=40.0 avg_encode_ms=2.7 avg_frame_upload_ms=400.3 avg_pose_upload_ms=5.2 avg_frame_kb=28.0 upload_kb_s=56.1 sent_frames=15 failed_frames=0 sent_poses=14 failed_poses=1
2026-06-30 15:03:31,883 INFO app.metrics - metrics camera_id=camera_02 frame_fps=10.31 pose_fps=10.12 avg_capture_ms=0.7 avg_pose_ms=37.4 avg_encode_ms=2.5 avg_frame_upload_ms=0.2 avg_pose_upload_ms=0.3 avg_frame_kb=27.3 upload_kb_s=282.0 sent_frames=52 failed_frames=0 sent_poses=51 failed_poses=0
2026-06-30 15:03:36,888 INFO app.metrics - metrics camera_id=camera_02 frame_fps=9.99 pose_fps=9.99 avg_capture_ms=0.5 avg_pose_ms=35.5 avg_encode_ms=2.3 avg_frame_upload_ms=0.2 avg_pose_upload_ms=0.3 avg_frame_kb=26.3 upload_kb_s=262.8 sent_frames=50 failed_frames=0 sent_poses=50 failed_poses=0
2026-06-30 15:03:41,891 INFO app.metrics - metrics camera_id=camera_02 frame_fps=9.99 pose_fps=9.99 avg_capture_ms=0.6 avg_pose_ms=39.4 avg_encode_ms=2.7 avg_frame_upload_ms=0.2 avg_pose_upload_ms=0.4 avg_frame_kb=26.7 upload_kb_s=267.3 sent_frames=50 failed_frames=0 sent_poses=50 failed_poses=0
2026-06-30 15:03:46,895 INFO app.metrics - metrics camera_id=camera_02 frame_fps=9.99 pose_fps=9.99 avg_capture_ms=0.5 avg_pose_ms=39.6 avg_encode_ms=2.7 avg_frame_upload_ms=0.2 avg_pose_upload_ms=0.4 avg_frame_kb=26.8 upload_kb_s=267.4 sent_frames=50 failed_frames=0 sent_poses=50 failed_poses=0
2026-06-30 15:03:51,899 INFO app.metrics - metrics camera_id=camera_02 frame_fps=9.99 pose_fps=9.99 avg_capture_ms=0.5 avg_pose_ms=39.6 avg_encode_ms=2.6 avg_frame_upload_ms=0.2 avg_pose_upload_ms=0.4 avg_frame_kb=26.5 upload_kb_s=265.2 sent_frames=50 failed_frames=0 sent_poses=50 failed_poses=0
2026-06-30 15:03:56,902 INFO app.metrics - metrics camera_id=camera_02 frame_fps=9.99 pose_fps=9.99 avg_capture_ms=0.5 avg_pose_ms=37.1 avg_encode_ms=2.4 avg_frame_upload_ms=0.2 avg_pose_upload_ms=0.3 avg_frame_kb=26.9 upload_kb_s=269.3 sent_frames=50 failed_frames=0 sent_poses=50 failed_poses=0
2026-06-30 15:04:01,906 INFO app.metrics - metrics camera_id=camera_02 frame_fps=9.99 pose_fps=9.99 avg_capture_ms=0.5 avg_pose_ms=34.7 avg_encode_ms=2.3 avg_frame_upload_ms=0.2 avg_pose_upload_ms=0.3 avg_frame_kb=27.7 upload_kb_s=277.2 sent_frames=50 failed_frames=0 sent_poses=50 failed_poses=0
2026-06-30 15:04:06,910 INFO app.metrics - metrics camera_id=camera_02 frame_fps=9.99 pose_fps=9.99 avg_capture_ms=0.6 avg_pose_ms=37.2 avg_encode_ms=2.5 avg_frame_upload_ms=0.2 avg_pose_upload_ms=0.3 avg_frame_kb=27.4 upload_kb_s=273.7 sent_frames=50 failed_frames=0 sent_poses=50 failed_poses=0
2026-06-30 15:04:12,964 WARNING app.network.websocket_client - Could not send websocket message: timed out
2026-06-30 15:04:15,967 INFO app.network.websocket_client - Connecting camera websocket: ws://10.56.30.79:8000/api/cameras/camera_02/ws
2026-06-30 15:04:15,970 INFO app.metrics - metrics camera_id=camera_02 frame_fps=2.10 pose_fps=1.99 avg_capture_ms=0.5 avg_pose_ms=32.1 avg_encode_ms=2.1 avg_frame_upload_ms=383.2 avg_pose_upload_ms=78.7 avg_frame_kb=27.2 upload_kb_s=57.0 sent_frames=19 failed_frames=0 sent_poses=17 failed_poses=1
2026-06-30 15:04:21,020 INFO app.metrics - metrics camera_id=camera_02 frame_fps=10.30 pose_fps=10.10 avg_capture_ms=0.6 avg_pose_ms=39.4 avg_encode_ms=2.7 avg_frame_upload_ms=0.2 avg_pose_upload_ms=0.4 avg_frame_kb=26.6 upload_kb_s=274.1 sent_frames=52 failed_frames=0 sent_poses=51 failed_poses=0
2026-06-30 15:04:26,026 INFO app.metrics - metrics camera_id=camera_02 frame_fps=9.99 pose_fps=9.99 avg_capture_ms=0.5 avg_pose_ms=40.2 avg_encode_ms=2.7 avg_frame_upload_ms=0.2 avg_pose_upload_ms=0.4 avg_frame_kb=26.5 upload_kb_s=265.0 sent_frames=50 failed_frames=0 sent_poses=50 failed_poses=0
2026-06-30 15:04:31,030 INFO app.metrics - metrics camera_id=camera_02 frame_fps=9.99 pose_fps=9.99 avg_capture_ms=0.5 avg_pose_ms=39.7 avg_encode_ms=2.7 avg_frame_upload_ms=0.2 avg_pose_upload_ms=0.4 avg_frame_kb=26.9 upload_kb_s=268.4 sent_frames=50 failed_frames=0 sent_poses=50 failed_poses=0
2026-06-30 15:04:36,034 INFO app.metrics - metrics camera_id=camera_02 frame_fps=9.99 pose_fps=9.99 avg_capture_ms=0.5 avg_pose_ms=39.2 avg_encode_ms=2.7 avg_frame_upload_ms=0.2 avg_pose_upload_ms=0.4 avg_frame_kb=26.3 upload_kb_s=263.3 sent_frames=50 failed_frames=0 sent_poses=50 failed_poses=0
2026-06-30 15:04:41,038 INFO app.metrics - metrics camera_id=camera_02 frame_fps=9.99 pose_fps=9.99 avg_capture_ms=0.6 avg_pose_ms=32.7 avg_encode_ms=2.1 avg_frame_upload_ms=0.2 avg_pose_upload_ms=0.3 avg_frame_kb=26.5 upload_kb_s=264.5 sent_frames=50 failed_frames=0 sent_poses=50 failed_poses=0
2026-06-30 15:04:46,040 INFO app.metrics - metrics camera_id=camera_02 frame_fps=10.00 pose_fps=10.00 avg_capture_ms=0.6 avg_pose_ms=39.3 avg_encode_ms=2.6 avg_frame_upload_ms=0.2 avg_pose_upload_ms=0.4 avg_frame_kb=26.8 upload_kb_s=267.9 sent_frames=50 failed_frames=0 sent_poses=50 failed_poses=0
2026-06-30 15:04:51,044 INFO app.metrics - metrics camera_id=camera_02 frame_fps=9.99 pose_fps=9.99 avg_capture_ms=0.5 avg_pose_ms=32.4 avg_encode_ms=2.1 avg_frame_upload_ms=0.2 avg_pose_upload_ms=0.3 avg_frame_kb=26.7 upload_kb_s=266.4 sent_frames=50 failed_frames=0 sent_poses=50 failed_poses=0
2026-06-30 15:04:56,048 INFO app.metrics - metrics camera_id=camera_02 frame_fps=9.99 pose_fps=9.99 avg_capture_ms=0.5 avg_pose_ms=32.4 avg_encode_ms=2.1 avg_frame_upload_ms=0.2 avg_pose_upload_ms=0.3 avg_frame_kb=26.0 upload_kb_s=259.8 sent_frames=50 failed_frames=0 sent_poses=50 failed_poses=0
2026-06-30 15:05:00,541 WARNING app.network.websocket_client - Could not send websocket message: timed out
2026-06-30 15:05:03,545 INFO app.network.websocket_client - Connecting camera websocket: ws://10.56.30.79:8000/api/cameras/camera_02/ws
2026-06-30 15:05:03,548 INFO app.metrics - metrics camera_id=camera_02 frame_fps=2.00 pose_fps=2.00 avg_capture_ms=0.5 avg_pose_ms=39.8 avg_encode_ms=2.6 avg_frame_upload_ms=403.1 avg_pose_upload_ms=4.2 avg_frame_kb=26.7 upload_kb_s=53.3 sent_frames=15 failed_frames=0 sent_poses=14 failed_poses=1
2026-06-30 15:05:08,576 INFO app.metrics - metrics camera_id=camera_02 frame_fps=10.34 pose_fps=9.95 avg_capture_ms=1.0 avg_pose_ms=39.5 avg_encode_ms=2.4 avg_frame_upload_ms=0.3 avg_pose_upload_ms=0.2 avg_frame_kb=23.7 upload_kb_s=245.0 sent_frames=52 failed_frames=0 sent_poses=50 failed_poses=0
2026-06-30 15:05:13,596 INFO app.metrics - metrics camera_id=camera_02 frame_fps=9.96 pose_fps=10.16 avg_capture_ms=1.0 avg_pose_ms=37.4 avg_encode_ms=2.6 avg_frame_upload_ms=0.3 avg_pose_upload_ms=0.3 avg_frame_kb=28.2 upload_kb_s=280.9 sent_frames=50 failed_frames=0 sent_poses=51 failed_poses=0
2026-06-30 15:05:18,599 INFO app.metrics - metrics camera_id=camera_02 frame_fps=9.99 pose_fps=9.99 avg_capture_ms=0.6 avg_pose_ms=36.5 avg_encode_ms=2.4 avg_frame_upload_ms=0.2 avg_pose_upload_ms=0.3 avg_frame_kb=28.0 upload_kb_s=279.9 sent_frames=50 failed_frames=0 sent_poses=50 failed_poses=0
2026-06-30 15:05:23,604 INFO app.metrics - metrics camera_id=camera_02 frame_fps=9.99 pose_fps=9.99 avg_capture_ms=0.6 avg_pose_ms=35.9 avg_encode_ms=2.3 avg_frame_upload_ms=0.2 avg_pose_upload_ms=0.3 avg_frame_kb=24.7 upload_kb_s=246.7 sent_frames=50 failed_frames=0 sent_poses=50 failed_poses=0
2026-06-30 15:05:28,607 INFO app.metrics - metrics camera_id=camera_02 frame_fps=9.99 pose_fps=9.99 avg_capture_ms=0.5 avg_pose_ms=39.6 avg_encode_ms=2.7 avg_frame_upload_ms=0.2 avg_pose_upload_ms=0.4 avg_frame_kb=24.6 upload_kb_s=245.7 sent_frames=50 failed_frames=0 sent_poses=50 failed_poses=0
2026-06-30 15:05:33,613 INFO app.metrics - metrics camera_id=camera_02 frame_fps=9.99 pose_fps=9.99 avg_capture_ms=0.6 avg_pose_ms=39.7 avg_encode_ms=2.6 avg_frame_upload_ms=0.2 avg_pose_upload_ms=0.4 avg_frame_kb=24.4 upload_kb_s=244.0 sent_frames=50 failed_frames=0 sent_poses=50 failed_poses=0
2026-06-30 15:05:38,617 INFO app.metrics - metrics camera_id=camera_02 frame_fps=9.99 pose_fps=9.99 avg_capture_ms=0.5 avg_pose_ms=39.4 avg_encode_ms=2.6 avg_frame_upload_ms=0.2 avg_pose_upload_ms=0.4 avg_frame_kb=24.4 upload_kb_s=243.6 sent_frames=50 failed_frames=0 sent_poses=50 failed_poses=0
2026-06-30 15:05:43,620 INFO app.metrics - metrics camera_id=camera_02 frame_fps=9.99 pose_fps=9.99 avg_capture_ms=0.6 avg_pose_ms=37.2 avg_encode_ms=2.4 avg_frame_upload_ms=0.2 avg_pose_upload_ms=0.3 avg_frame_kb=23.6 upload_kb_s=236.4 sent_frames=50 failed_frames=0 sent_poses=50 failed_poses=0
2026-06-30 15:05:48,308 WARNING app.network.websocket_client - Could not send websocket message: timed out
2026-06-30 15:05:51,311 INFO app.network.websocket_client - Connecting camera websocket: ws://10.56.30.79:8000/api/cameras/camera_02/ws
2026-06-30 15:05:51,318 INFO app.metrics - metrics camera_id=camera_02 frame_fps=2.21 pose_fps=2.21 avg_capture_ms=0.5 avg_pose_ms=32.2 avg_encode_ms=2.0 avg_frame_upload_ms=355.4 avg_pose_upload_ms=0.3 avg_frame_kb=23.8 upload_kb_s=52.6 sent_frames=17 failed_frames=0 sent_poses=16 failed_poses=1
2026-06-30 15:05:56,354 INFO app.metrics - metrics camera_id=camera_02 frame_fps=10.33 pose_fps=9.93 avg_capture_ms=0.9 avg_pose_ms=41.5 avg_encode_ms=2.8 avg_frame_upload_ms=0.3 avg_pose_upload_ms=0.4 avg_frame_kb=23.3 upload_kb_s=240.5 sent_frames=52 failed_frames=0 sent_poses=50 failed_poses=0
2026-06-30 15:06:01,359 INFO app.metrics - metrics camera_id=camera_02 frame_fps=9.99 pose_fps=10.19 avg_capture_ms=0.4 avg_pose_ms=32.8 avg_encode_ms=2.1 avg_frame_upload_ms=0.2 avg_pose_upload_ms=0.3 avg_frame_kb=23.3 upload_kb_s=232.5 sent_frames=50 failed_frames=0 sent_poses=51 failed_poses=0
2026-06-30 15:06:06,366 INFO app.metrics - metrics camera_id=camera_02 frame_fps=9.99 pose_fps=9.99 avg_capture_ms=0.6 avg_pose_ms=39.2 avg_encode_ms=2.6 avg_frame_upload_ms=0.2 avg_pose_upload_ms=0.4 avg_frame_kb=23.4 upload_kb_s=233.4 sent_frames=50 failed_frames=0 sent_poses=50 failed_poses=0
2026-06-30 15:06:11,369 INFO app.metrics - metrics camera_id=camera_02 frame_fps=9.99 pose_fps=9.99 avg_capture_ms=0.5 avg_pose_ms=32.8 avg_encode_ms=2.1 avg_frame_upload_ms=0.2 avg_pose_upload_ms=0.3 avg_frame_kb=23.5 upload_kb_s=234.8 sent_frames=50 failed_frames=0 sent_poses=50 failed_poses=0
2026-06-30 15:06:16,373 INFO app.metrics - metrics camera_id=camera_02 frame_fps=9.99 pose_fps=9.99 avg_capture_ms=0.4 avg_pose_ms=33.1 avg_encode_ms=2.1 avg_frame_upload_ms=0.2 avg_pose_upload_ms=0.3 avg_frame_kb=23.4 upload_kb_s=233.8 sent_frames=50 failed_frames=0 sent_poses=50 failed_poses=0
2026-06-30 15:06:21,379 INFO app.metrics - metrics camera_id=camera_02 frame_fps=9.99 pose_fps=9.99 avg_capture_ms=0.5 avg_pose_ms=38.6 avg_encode_ms=2.5 avg_frame_upload_ms=0.2 avg_pose_upload_ms=0.4 avg_frame_kb=23.4 upload_kb_s=233.5 sent_frames=50 failed_frames=0 sent_poses=50 failed_poses=0
2026-06-30 15:06:26,382 INFO app.metrics - metrics camera_id=camera_02 frame_fps=9.99 pose_fps=9.99 avg_capture_ms=0.5 avg_pose_ms=39.7 avg_encode_ms=2.6 avg_frame_upload_ms=0.2 avg_pose_upload_ms=0.4 avg_frame_kb=23.5 upload_kb_s=234.6 sent_frames=50 failed_frames=0 sent_poses=50 failed_poses=0
2026-06-30 15:06:31,385 INFO app.metrics - metrics camera_id=camera_02 frame_fps=9.99 pose_fps=9.99 avg_capture_ms=0.5 avg_pose_ms=33.3 avg_encode_ms=2.1 avg_frame_upload_ms=0.2 avg_pose_upload_ms=0.3 avg_frame_kb=24.3 upload_kb_s=243.0 sent_frames=50 failed_frames=0 sent_poses=50 failed_poses=0
2026-06-30 15:06:37,243 WARNING app.network.websocket_client - Could not send websocket message: timed out
2026-06-30 15:06:40,247 INFO app.network.websocket_client - Connecting camera websocket: ws://10.56.30.79:8000/api/cameras/camera_02/ws
2026-06-30 15:06:40,250 INFO app.metrics - metrics camera_id=camera_02 frame_fps=1.92 pose_fps=1.80 avg_capture_ms=0.5 avg_pose_ms=37.1 avg_encode_ms=2.4 avg_frame_upload_ms=428.1 avg_pose_upload_ms=88.5 avg_frame_kb=24.4 upload_kb_s=46.9 sent_frames=17 failed_frames=0 sent_poses=15 failed_poses=1
2026-06-30 15:06:45,298 INFO app.metrics - metrics camera_id=camera_02 frame_fps=10.30 pose_fps=10.10 avg_capture_ms=0.5 avg_pose_ms=35.7 avg_encode_ms=2.3 avg_frame_upload_ms=0.2 avg_pose_upload_ms=0.3 avg_frame_kb=24.5 upload_kb_s=252.2 sent_frames=52 failed_frames=0 sent_poses=51 failed_poses=0
2026-06-30 15:06:50,302 INFO app.metrics - metrics camera_id=camera_02 frame_fps=9.99 pose_fps=9.99 avg_capture_ms=0.4 avg_pose_ms=36.8 avg_encode_ms=2.4 avg_frame_upload_ms=0.2 avg_pose_upload_ms=0.3 avg_frame_kb=24.4 upload_kb_s=244.0 sent_frames=50 failed_frames=0 sent_poses=50 failed_poses=0
2026-06-30 15:06:55,307 INFO app.metrics - metrics camera_id=camera_02 frame_fps=9.99 pose_fps=9.99 avg_capture_ms=0.5 avg_pose_ms=39.7 avg_encode_ms=2.7 avg_frame_upload_ms=0.2 avg_pose_upload_ms=0.4 avg_frame_kb=24.7 upload_kb_s=246.4 sent_frames=50 failed_frames=0 sent_poses=50 failed_poses=0
2026-06-30 15:07:00,310 INFO app.metrics - metrics camera_id=camera_02 frame_fps=9.99 pose_fps=9.99 avg_capture_ms=0.5 avg_pose_ms=35.2 avg_encode_ms=2.3 avg_frame_upload_ms=0.2 avg_pose_upload_ms=0.3 avg_frame_kb=24.7 upload_kb_s=246.4 sent_frames=50 failed_frames=0 sent_poses=50 failed_poses=0
2026-06-30 15:07:05,313 INFO app.metrics - metrics camera_id=camera_02 frame_fps=9.99 pose_fps=9.99 avg_capture_ms=0.5 avg_pose_ms=32.4 avg_encode_ms=2.1 avg_frame_upload_ms=0.2 avg_pose_upload_ms=0.3 avg_frame_kb=26.2 upload_kb_s=261.8 sent_frames=50 failed_frames=0 sent_poses=50 failed_poses=0
2026-06-30 15:07:10,316 INFO app.metrics - metrics camera_id=camera_02 frame_fps=9.99 pose_fps=9.99 avg_capture_ms=0.6 avg_pose_ms=33.2 avg_encode_ms=2.1 avg_frame_upload_ms=0.2 avg_pose_upload_ms=0.3 avg_frame_kb=24.1 upload_kb_s=241.1 sent_frames=50 failed_frames=0 sent_poses=50 failed_poses=0
2026-06-30 15:07:15,321 INFO app.metrics - metrics camera_id=camera_02 frame_fps=9.99 pose_fps=9.99 avg_capture_ms=0.6 avg_pose_ms=35.6 avg_encode_ms=2.3 avg_frame_upload_ms=0.2 avg_pose_upload_ms=0.3 avg_frame_kb=23.6 upload_kb_s=235.4 sent_frames=50 failed_frames=0 sent_poses=50 failed_poses=0
2026-06-30 15:07:20,324 INFO app.metrics - metrics camera_id=camera_02 frame_fps=9.99 pose_fps=9.99 avg_capture_ms=0.5 avg_pose_ms=35.6 avg_encode_ms=2.3 avg_frame_upload_ms=0.2 avg_pose_upload_ms=0.3 avg_frame_kb=24.0 upload_kb_s=239.8 sent_frames=50 failed_frames=0 sent_poses=50 failed_poses=0
2026-06-30 15:07:24,511 WARNING app.network.websocket_client - Could not send websocket message: timed out
2026-06-30 15:07:27,514 INFO app.network.websocket_client - Connecting camera websocket: ws://10.56.30.79:8000/api/cameras/camera_02/ws
2026-06-30 15:07:27,520 INFO app.metrics - metrics camera_id=camera_02 frame_fps=1.67 pose_fps=1.67 avg_capture_ms=0.4 avg_pose_ms=32.0 avg_encode_ms=2.0 avg_frame_upload_ms=504.1 avg_pose_upload_ms=6.6 avg_frame_kb=25.0 upload_kb_s=41.6 sent_frames=12 failed_frames=0 sent_poses=11 failed_poses=1
2026-06-30 15:07:32,553 INFO app.metrics - metrics camera_id=camera_02 frame_fps=10.33 pose_fps=9.94 avg_capture_ms=0.9 avg_pose_ms=41.6 avg_encode_ms=2.8 avg_frame_upload_ms=0.3 avg_pose_upload_ms=0.4 avg_frame_kb=24.3 upload_kb_s=250.9 sent_frames=52 failed_frames=0 sent_poses=50 failed_poses=0
2026-06-30 15:07:37,566 INFO app.metrics - metrics camera_id=camera_02 frame_fps=9.97 pose_fps=10.17 avg_capture_ms=0.9 avg_pose_ms=40.0 avg_encode_ms=2.6 avg_frame_upload_ms=0.2 avg_pose_upload_ms=0.4 avg_frame_kb=24.4 upload_kb_s=243.4 sent_frames=50 failed_frames=0 sent_poses=51 failed_poses=0
2026-06-30 15:07:42,571 INFO app.metrics - metrics camera_id=camera_02 frame_fps=9.99 pose_fps=9.99 avg_capture_ms=0.7 avg_pose_ms=39.6 avg_encode_ms=2.6 avg_frame_upload_ms=0.2 avg_pose_upload_ms=0.4 avg_frame_kb=24.5 upload_kb_s=245.2 sent_frames=50 failed_frames=0 sent_poses=50 failed_poses=0
2026-06-30 15:07:47,576 INFO app.metrics - metrics camera_id=camera_02 frame_fps=9.99 pose_fps=9.99 avg_capture_ms=0.6 avg_pose_ms=39.6 avg_encode_ms=2.6 avg_frame_upload_ms=0.2 avg_pose_upload_ms=0.4 avg_frame_kb=24.6 upload_kb_s=245.5 sent_frames=50 failed_frames=0 sent_poses=50 failed_poses=0
2026-06-30 15:07:52,579 INFO app.metrics - metrics camera_id=camera_02 frame_fps=9.99 pose_fps=9.99 avg_capture_ms=0.5 avg_pose_ms=32.7 avg_encode_ms=2.1 avg_frame_upload_ms=0.2 avg_pose_upload_ms=0.3 avg_frame_kb=23.8 upload_kb_s=237.7 sent_frames=50 failed_frames=0 sent_poses=50 failed_poses=0
2026-06-30 15:07:57,584 INFO app.metrics - metrics camera_id=camera_02 frame_fps=9.99 pose_fps=9.99 avg_capture_ms=0.5 avg_pose_ms=32.5 avg_encode_ms=2.0 avg_frame_upload_ms=0.2 avg_pose_upload_ms=0.3 avg_frame_kb=24.1 upload_kb_s=240.7 sent_frames=50 failed_frames=0 sent_poses=50 failed_poses=0
2026-06-30 15:08:02,589 INFO app.metrics - metrics camera_id=camera_02 frame_fps=9.99 pose_fps=9.99 avg_capture_ms=0.5 avg_pose_ms=39.0 avg_encode_ms=2.6 avg_frame_upload_ms=0.2 avg_pose_upload_ms=0.4 avg_frame_kb=24.5 upload_kb_s=244.8 sent_frames=50 failed_frames=0 sent_poses=50 failed_poses=0
2026-06-30 15:08:07,595 INFO app.metrics - metrics camera_id=camera_02 frame_fps=9.99 pose_fps=9.99 avg_capture_ms=0.6 avg_pose_ms=39.6 avg_encode_ms=2.6 avg_frame_upload_ms=0.2 avg_pose_upload_ms=0.4 avg_frame_kb=23.7 upload_kb_s=236.6 sent_frames=50 failed_frames=0 sent_poses=50 failed_poses=0
2026-06-30 15:08:11,899 WARNING app.network.websocket_client - Could not send websocket message: timed out
2026-06-30 15:08:14,899 INFO app.metrics - metrics camera_id=camera_02 frame_fps=1.78 pose_fps=1.78 avg_capture_ms=0.5 avg_pose_ms=39.7 avg_encode_ms=2.6 avg_frame_upload_ms=0.6 avg_pose_upload_ms=1.5 avg_frame_kb=24.5 upload_kb_s=43.6 sent_frames=12 failed_frames=1 sent_poses=13 failed_poses=0
2026-06-30 15:08:14,900 INFO app.network.websocket_client - Connecting camera websocket: ws://10.56.30.79:8000/api/cameras/camera_02/ws
2026-06-30 15:08:19,908 INFO app.metrics - metrics camera_id=camera_02 frame_fps=10.18 pose_fps=10.18 avg_capture_ms=0.6 avg_pose_ms=39.9 avg_encode_ms=2.6 avg_frame_upload_ms=0.2 avg_pose_upload_ms=116.4 avg_frame_kb=26.1 upload_kb_s=265.8 sent_frames=51 failed_frames=0 sent_poses=51 failed_poses=0
2026-06-30 15:08:24,912 INFO app.metrics - metrics camera_id=camera_02 frame_fps=9.99 pose_fps=9.99 avg_capture_ms=0.5 avg_pose_ms=40.0 avg_encode_ms=2.6 avg_frame_upload_ms=0.2 avg_pose_upload_ms=0.4 avg_frame_kb=26.0 upload_kb_s=259.9 sent_frames=50 failed_frames=0 sent_poses=50 failed_poses=0
2026-06-30 15:08:29,915 INFO app.metrics - metrics camera_id=camera_02 frame_fps=9.99 pose_fps=9.99 avg_capture_ms=0.5 avg_pose_ms=39.7 avg_encode_ms=2.6 avg_frame_upload_ms=0.2 avg_pose_upload_ms=0.4 avg_frame_kb=25.0 upload_kb_s=250.3 sent_frames=50 failed_frames=0 sent_poses=50 failed_poses=0
2026-06-30 15:08:34,919 INFO app.metrics - metrics camera_id=camera_02 frame_fps=9.99 pose_fps=9.99 avg_capture_ms=0.5 avg_pose_ms=40.7 avg_encode_ms=2.7 avg_frame_upload_ms=0.2 avg_pose_upload_ms=0.4 avg_frame_kb=24.4 upload_kb_s=244.2 sent_frames=50 failed_frames=0 sent_poses=50 failed_poses=0
2026-06-30 15:08:39,925 INFO app.metrics - metrics camera_id=camera_02 frame_fps=9.99 pose_fps=9.99 avg_capture_ms=0.5 avg_pose_ms=37.7 avg_encode_ms=2.5 avg_frame_upload_ms=0.2 avg_pose_upload_ms=0.3 avg_frame_kb=25.8 upload_kb_s=257.6 sent_frames=50 failed_frames=0 sent_poses=50 failed_poses=0
2026-06-30 15:08:44,930 INFO app.metrics - metrics camera_id=camera_02 frame_fps=9.99 pose_fps=9.99 avg_capture_ms=0.5 avg_pose_ms=34.7 avg_encode_ms=2.2 avg_frame_upload_ms=0.2 avg_pose_upload_ms=0.3 avg_frame_kb=26.1 upload_kb_s=260.8 sent_frames=50 failed_frames=0 sent_poses=50 failed_poses=0
2026-06-30 15:08:49,933 INFO app.metrics - metrics camera_id=camera_02 frame_fps=9.99 pose_fps=9.99 avg_capture_ms=0.4 avg_pose_ms=34.9 avg_encode_ms=2.2 avg_frame_upload_ms=0.2 avg_pose_upload_ms=0.3 avg_frame_kb=24.8 upload_kb_s=247.8 sent_frames=50 failed_frames=0 sent_poses=50 failed_poses=0
2026-06-30 15:08:54,938 INFO app.metrics - metrics camera_id=camera_02 frame_fps=9.99 pose_fps=9.99 avg_capture_ms=0.5 avg_pose_ms=37.6 avg_encode_ms=2.4 avg_frame_upload_ms=0.3 avg_pose_upload_ms=0.3 avg_frame_kb=24.1 upload_kb_s=241.0 sent_frames=50 failed_frames=0 sent_poses=50 failed_poses=0
2026-06-30 15:08:59,280 WARNING app.network.websocket_client - Could not send websocket message: timed out
2026-06-30 15:09:02,283 INFO app.network.websocket_client - Connecting camera websocket: ws://10.56.30.79:8000/api/cameras/camera_02/ws
2026-06-30 15:09:02,287 INFO app.metrics - metrics camera_id=camera_02 frame_fps=1.90 pose_fps=1.90 avg_capture_ms=0.6 avg_pose_ms=39.8 avg_encode_ms=2.6 avg_frame_upload_ms=425.2 avg_pose_upload_ms=3.2 avg_frame_kb=23.7 upload_kb_s=45.1 sent_frames=14 failed_frames=0 sent_poses=13 failed_poses=1
2026-06-30 15:09:07,346 INFO app.metrics - metrics camera_id=camera_02 frame_fps=10.28 pose_fps=10.08 avg_capture_ms=0.5 avg_pose_ms=36.4 avg_encode_ms=2.3 avg_frame_upload_ms=0.2 avg_pose_upload_ms=0.3 avg_frame_kb=23.7 upload_kb_s=243.6 sent_frames=52 failed_frames=0 sent_poses=51 failed_poses=0
2026-06-30 15:09:12,350 INFO app.metrics - metrics camera_id=camera_02 frame_fps=9.99 pose_fps=9.99 avg_capture_ms=0.4 avg_pose_ms=36.0 avg_encode_ms=2.3 avg_frame_upload_ms=0.2 avg_pose_upload_ms=0.3 avg_frame_kb=23.6 upload_kb_s=235.4 sent_frames=50 failed_frames=0 sent_poses=50 failed_poses=0
2026-06-30 15:09:17,353 INFO app.metrics - metrics camera_id=camera_02 frame_fps=9.99 pose_fps=9.99 avg_capture_ms=0.5 avg_pose_ms=35.0 avg_encode_ms=2.2 avg_frame_upload_ms=0.2 avg_pose_upload_ms=0.3 avg_frame_kb=24.0 upload_kb_s=239.6 sent_frames=50 failed_frames=0 sent_poses=50 failed_poses=0
2026-06-30 15:09:22,356 INFO app.metrics - metrics camera_id=camera_02 frame_fps=9.99 pose_fps=9.99 avg_capture_ms=0.4 avg_pose_ms=33.0 avg_encode_ms=2.1 avg_frame_upload_ms=0.2 avg_pose_upload_ms=0.3 avg_frame_kb=24.3 upload_kb_s=243.3 sent_frames=50 failed_frames=0 sent_poses=50 failed_poses=0
2026-06-30 15:09:27,361 INFO app.metrics - metrics camera_id=camera_02 frame_fps=9.99 pose_fps=9.99 avg_capture_ms=0.6 avg_pose_ms=36.9 avg_encode_ms=2.4 avg_frame_upload_ms=0.2 avg_pose_upload_ms=0.3 avg_frame_kb=24.5 upload_kb_s=244.4 sent_frames=50 failed_frames=0 sent_poses=50 failed_poses=0
2026-06-30 15:09:32,364 INFO app.metrics - metrics camera_id=camera_02 frame_fps=9.99 pose_fps=9.99 avg_capture_ms=0.6 avg_pose_ms=39.9 avg_encode_ms=2.6 avg_frame_upload_ms=0.2 avg_pose_upload_ms=0.4 avg_frame_kb=24.6 upload_kb_s=245.6 sent_frames=50 failed_frames=0 sent_poses=50 failed_poses=0
2026-06-30 15:09:37,368 INFO app.metrics - metrics camera_id=camera_02 frame_fps=9.99 pose_fps=9.99 avg_capture_ms=0.5 avg_pose_ms=35.0 avg_encode_ms=2.3 avg_frame_upload_ms=0.2 avg_pose_upload_ms=0.3 avg_frame_kb=28.0 upload_kb_s=280.0 sent_frames=50 failed_frames=0 sent_poses=50 failed_poses=0
2026-06-30 15:09:42,372 INFO app.metrics - metrics camera_id=camera_02 frame_fps=9.99 pose_fps=9.99 avg_capture_ms=0.5 avg_pose_ms=37.0 avg_encode_ms=2.4 avg_frame_upload_ms=0.2 avg_pose_upload_ms=0.3 avg_frame_kb=29.0 upload_kb_s=290.0 sent_frames=50 failed_frames=0 sent_poses=50 failed_poses=0
2026-06-30 15:09:46,659 WARNING app.network.websocket_client - Could not send websocket message: timed out
2026-06-30 15:09:49,662 INFO app.network.websocket_client - Connecting camera websocket: ws://10.56.30.79:8000/api/cameras/camera_02/ws
2026-06-30 15:09:49,669 INFO app.metrics - metrics camera_id=camera_02 frame_fps=1.78 pose_fps=1.78 avg_capture_ms=0.6 avg_pose_ms=39.3 avg_encode_ms=2.6 avg_frame_upload_ms=464.8 avg_pose_upload_ms=5.8 avg_frame_kb=28.5 upload_kb_s=50.7 sent_frames=13 failed_frames=0 sent_poses=12 failed_poses=1
2026-06-30 15:09:54,701 INFO app.metrics - metrics camera_id=camera_02 frame_fps=10.33 pose_fps=9.94 avg_capture_ms=0.8 avg_pose_ms=40.7 avg_encode_ms=2.7 avg_frame_upload_ms=0.3 avg_pose_upload_ms=0.4 avg_frame_kb=27.9 upload_kb_s=288.4 sent_frames=52 failed_frames=0 sent_poses=50 failed_poses=0
2026-06-30 15:09:59,715 INFO app.metrics - metrics camera_id=camera_02 frame_fps=9.97 pose_fps=10.17 avg_capture_ms=0.7 avg_pose_ms=40.1 avg_encode_ms=2.7 avg_frame_upload_ms=0.3 avg_pose_upload_ms=0.4 avg_frame_kb=27.0 upload_kb_s=269.2 sent_frames=50 failed_frames=0 sent_poses=51 failed_poses=0
2026-06-30 15:10:04,719 INFO app.metrics - metrics camera_id=camera_02 frame_fps=9.99 pose_fps=9.99 avg_capture_ms=0.5 avg_pose_ms=39.6 avg_encode_ms=2.7 avg_frame_upload_ms=0.3 avg_pose_upload_ms=0.4 avg_frame_kb=29.5 upload_kb_s=294.3 sent_frames=50 failed_frames=0 sent_poses=50 failed_poses=0
2026-06-30 15:10:09,724 INFO app.metrics - metrics camera_id=camera_02 frame_fps=9.99 pose_fps=9.99 avg_capture_ms=0.6 avg_pose_ms=39.2 avg_encode_ms=2.7 avg_frame_upload_ms=0.3 avg_pose_upload_ms=0.4 avg_frame_kb=32.2 upload_kb_s=321.9 sent_frames=50 failed_frames=0 sent_poses=50 failed_poses=0
2026-06-30 15:10:14,731 INFO app.metrics - metrics camera_id=camera_02 frame_fps=9.99 pose_fps=9.99 avg_capture_ms=0.5 avg_pose_ms=32.2 avg_encode_ms=2.1 avg_frame_upload_ms=0.2 avg_pose_upload_ms=0.3 avg_frame_kb=31.4 upload_kb_s=314.0 sent_frames=50 failed_frames=0 sent_poses=50 failed_poses=0
2026-06-30 15:10:19,732 INFO app.metrics - metrics camera_id=camera_02 frame_fps=10.00 pose_fps=10.00 avg_capture_ms=0.5 avg_pose_ms=31.9 avg_encode_ms=2.1 avg_frame_upload_ms=0.2 avg_pose_upload_ms=0.3 avg_frame_kb=28.7 upload_kb_s=286.9 sent_frames=50 failed_frames=0 sent_poses=50 failed_poses=0
2026-06-30 15:10:24,736 INFO app.metrics - metrics camera_id=camera_02 frame_fps=9.99 pose_fps=9.99 avg_capture_ms=0.5 avg_pose_ms=39.8 avg_encode_ms=2.7 avg_frame_upload_ms=0.2 avg_pose_upload_ms=0.4 avg_frame_kb=26.8 upload_kb_s=268.1 sent_frames=50 failed_frames=0 sent_poses=50 failed_poses=0
2026-06-30 15:10:29,738 INFO app.metrics - metrics camera_id=camera_02 frame_fps=9.99 pose_fps=9.99 avg_capture_ms=0.4 avg_pose_ms=32.6 avg_encode_ms=2.1 avg_frame_upload_ms=0.2 avg_pose_upload_ms=0.3 avg_frame_kb=27.2 upload_kb_s=271.9 sent_frames=50 failed_frames=0 sent_poses=50 failed_poses=0
2026-06-30 15:10:35,388 WARNING app.network.websocket_client - Could not send websocket message: timed out
2026-06-30 15:10:38,392 INFO app.network.websocket_client - Connecting camera websocket: ws://10.56.30.79:8000/api/cameras/camera_02/ws
2026-06-30 15:10:38,395 INFO app.metrics - metrics camera_id=camera_02 frame_fps=1.73 pose_fps=1.62 avg_capture_ms=0.5 avg_pose_ms=38.9 avg_encode_ms=2.6 avg_frame_upload_ms=484.1 avg_pose_upload_ms=101.3 avg_frame_kb=28.2 upload_kb_s=48.8 sent_frames=15 failed_frames=0 sent_poses=13 failed_poses=1
2026-06-30 15:10:43,448 INFO app.metrics - metrics camera_id=camera_02 frame_fps=10.29 pose_fps=10.09 avg_capture_ms=0.5 avg_pose_ms=40.2 avg_encode_ms=2.7 avg_frame_upload_ms=0.2 avg_pose_upload_ms=0.4 avg_frame_kb=27.4 upload_kb_s=282.3 sent_frames=52 failed_frames=0 sent_poses=51 failed_poses=0
2026-06-30 15:10:48,451 INFO app.metrics - metrics camera_id=camera_02 frame_fps=9.99 pose_fps=9.99 avg_capture_ms=0.4 avg_pose_ms=34.4 avg_encode_ms=2.3 avg_frame_upload_ms=0.2 avg_pose_upload_ms=0.3 avg_frame_kb=27.1 upload_kb_s=270.5 sent_frames=50 failed_frames=0 sent_poses=50 failed_poses=0
2026-06-30 15:10:53,456 INFO app.metrics - metrics camera_id=camera_02 frame_fps=9.99 pose_fps=9.99 avg_capture_ms=0.5 avg_pose_ms=37.2 avg_encode_ms=2.5 avg_frame_upload_ms=0.2 avg_pose_upload_ms=0.3 avg_frame_kb=26.9 upload_kb_s=268.9 sent_frames=50 failed_frames=0 sent_poses=50 failed_poses=0
2026-06-30 15:10:58,458 INFO app.metrics - metrics camera_id=camera_02 frame_fps=9.99 pose_fps=9.99 avg_capture_ms=0.5 avg_pose_ms=36.9 avg_encode_ms=2.5 avg_frame_upload_ms=0.2 avg_pose_upload_ms=0.3 avg_frame_kb=26.8 upload_kb_s=267.6 sent_frames=50 failed_frames=0 sent_poses=50 failed_poses=0
2026-06-30 15:11:03,462 INFO app.metrics - metrics camera_id=camera_02 frame_fps=9.99 pose_fps=9.99 avg_capture_ms=0.4 avg_pose_ms=34.4 avg_encode_ms=2.3 avg_frame_upload_ms=0.2 avg_pose_upload_ms=0.3 avg_frame_kb=27.5 upload_kb_s=274.9 sent_frames=50 failed_frames=0 sent_poses=50 failed_poses=0
2026-06-30 15:11:08,465 INFO app.metrics - metrics camera_id=camera_02 frame_fps=9.99 pose_fps=9.99 avg_capture_ms=0.6 avg_pose_ms=35.4 avg_encode_ms=2.3 avg_frame_upload_ms=0.2 avg_pose_upload_ms=0.3 avg_frame_kb=30.3 upload_kb_s=302.4 sent_frames=50 failed_frames=0 sent_poses=50 failed_poses=0
2026-06-30 15:11:13,469 INFO app.metrics - metrics camera_id=camera_02 frame_fps=9.99 pose_fps=9.99 avg_capture_ms=0.5 avg_pose_ms=34.7 avg_encode_ms=2.3 avg_frame_upload_ms=0.2 avg_pose_upload_ms=0.3 avg_frame_kb=33.1 upload_kb_s=330.7 sent_frames=50 failed_frames=0 sent_poses=50 failed_poses=0
2026-06-30 15:11:18,472 INFO app.metrics - metrics camera_id=camera_02 frame_fps=9.99 pose_fps=9.99 avg_capture_ms=0.5 avg_pose_ms=35.5 avg_encode_ms=2.3 avg_frame_upload_ms=0.2 avg_pose_upload_ms=0.3 avg_frame_kb=29.8 upload_kb_s=297.4 sent_frames=50 failed_frames=0 sent_poses=50 failed_poses=0
2026-06-30 15:11:24,000 WARNING app.network.websocket_client - Could not send websocket message: timed out
2026-06-30 15:11:27,003 INFO app.network.websocket_client - Connecting camera websocket: ws://10.56.30.79:8000/api/cameras/camera_02/ws
2026-06-30 15:11:27,009 INFO app.metrics - metrics camera_id=camera_02 frame_fps=1.76 pose_fps=1.52 avg_capture_ms=0.6 avg_pose_ms=39.7 avg_encode_ms=2.8 avg_frame_upload_ms=480.7 avg_pose_upload_ms=107.9 avg_frame_kb=28.5 upload_kb_s=50.0 sent_frames=15 failed_frames=0 sent_poses=12 failed_poses=1
2026-06-30 15:11:32,089 INFO app.metrics - metrics camera_id=camera_02 frame_fps=10.24 pose_fps=10.04 avg_capture_ms=0.4 avg_pose_ms=32.6 avg_encode_ms=2.1 avg_frame_upload_ms=0.2 avg_pose_upload_ms=0.3 avg_frame_kb=26.5 upload_kb_s=271.4 sent_frames=52 failed_frames=0 sent_poses=51 failed_poses=0
2026-06-30 15:11:37,094 INFO app.metrics - metrics camera_id=camera_02 frame_fps=9.99 pose_fps=9.99 avg_capture_ms=0.5 avg_pose_ms=39.4 avg_encode_ms=2.6 avg_frame_upload_ms=0.2 avg_pose_upload_ms=0.4 avg_frame_kb=27.2 upload_kb_s=271.3 sent_frames=50 failed_frames=0 sent_poses=50 failed_poses=0
2026-06-30 15:11:42,098 INFO app.metrics - metrics camera_id=camera_02 frame_fps=9.99 pose_fps=9.99 avg_capture_ms=0.5 avg_pose_ms=39.5 avg_encode_ms=2.6 avg_frame_upload_ms=0.2 avg_pose_upload_ms=0.4 avg_frame_kb=28.6 upload_kb_s=285.7 sent_frames=50 failed_frames=0 sent_poses=50 failed_poses=0
2026-06-30 15:11:47,101 INFO app.metrics - metrics camera_id=camera_02 frame_fps=9.99 pose_fps=9.99 avg_capture_ms=0.5 avg_pose_ms=34.6 avg_encode_ms=2.1 avg_frame_upload_ms=0.2 avg_pose_upload_ms=0.3 avg_frame_kb=28.0 upload_kb_s=279.7 sent_frames=50 failed_frames=0 sent_poses=50 failed_poses=0
2026-06-30 15:11:52,105 INFO app.metrics - metrics camera_id=camera_02 frame_fps=9.99 pose_fps=9.99 avg_capture_ms=0.5 avg_pose_ms=38.3 avg_encode_ms=2.3 avg_frame_upload_ms=0.2 avg_pose_upload_ms=0.3 avg_frame_kb=29.3 upload_kb_s=292.7 sent_frames=50 failed_frames=0 sent_poses=50 failed_poses=0
2026-06-30 15:11:57,109 INFO app.metrics - metrics camera_id=camera_02 frame_fps=9.99 pose_fps=9.99 avg_capture_ms=0.4 avg_pose_ms=37.8 avg_encode_ms=2.0 avg_frame_upload_ms=0.2 avg_pose_upload_ms=0.2 avg_frame_kb=23.9 upload_kb_s=238.5 sent_frames=50 failed_frames=0 sent_poses=50 failed_poses=0
2026-06-30 15:12:02,113 INFO app.metrics - metrics camera_id=camera_02 frame_fps=9.99 pose_fps=9.99 avg_capture_ms=0.5 avg_pose_ms=39.0 avg_encode_ms=2.2 avg_frame_upload_ms=0.2 avg_pose_upload_ms=0.3 avg_frame_kb=23.5 upload_kb_s=234.5 sent_frames=50 failed_frames=0 sent_poses=50 failed_poses=0
2026-06-30 15:12:07,116 INFO app.metrics - metrics camera_id=camera_02 frame_fps=9.99 pose_fps=9.99 avg_capture_ms=0.4 avg_pose_ms=40.0 avg_encode_ms=2.6 avg_frame_upload_ms=0.2 avg_pose_upload_ms=0.4 avg_frame_kb=26.9 upload_kb_s=269.3 sent_frames=50 failed_frames=0 sent_poses=50 failed_poses=0
2026-06-30 15:12:11,277 WARNING app.network.websocket_client - Could not send websocket message: timed out
2026-06-30 15:12:14,280 INFO app.network.websocket_client - Connecting camera websocket: ws://10.56.30.79:8000/api/cameras/camera_02/ws
2026-06-30 15:12:14,285 INFO app.metrics - metrics camera_id=camera_02 frame_fps=1.67 pose_fps=1.67 avg_capture_ms=0.5 avg_pose_ms=40.1 avg_encode_ms=2.7 avg_frame_upload_ms=497.6 avg_pose_upload_ms=1.7 avg_frame_kb=26.8 upload_kb_s=44.8 sent_frames=12 failed_frames=0 sent_poses=11 failed_poses=1
2026-06-30 15:12:19,326 INFO app.metrics - metrics camera_id=camera_02 frame_fps=10.32 pose_fps=10.12 avg_capture_ms=0.5 avg_pose_ms=34.4 avg_encode_ms=2.2 avg_frame_upload_ms=0.2 avg_pose_upload_ms=0.3 avg_frame_kb=26.8 upload_kb_s=276.5 sent_frames=52 failed_frames=0 sent_poses=51 failed_poses=0
2026-06-30 15:12:24,330 INFO app.metrics - metrics camera_id=camera_02 frame_fps=9.99 pose_fps=9.99 avg_capture_ms=0.6 avg_pose_ms=39.0 avg_encode_ms=2.7 avg_frame_upload_ms=0.2 avg_pose_upload_ms=0.4 avg_frame_kb=26.0 upload_kb_s=259.3 sent_frames=50 failed_frames=0 sent_poses=50 failed_poses=0
2026-06-30 15:12:29,335 INFO app.metrics - metrics camera_id=camera_02 frame_fps=9.99 pose_fps=9.99 avg_capture_ms=0.4 avg_pose_ms=33.0 avg_encode_ms=2.2 avg_frame_upload_ms=0.2 avg_pose_upload_ms=0.3 avg_frame_kb=26.3 upload_kb_s=262.9 sent_frames=50 failed_frames=0 sent_poses=50 failed_poses=0
2026-06-30 15:12:34,339 INFO app.metrics - metrics camera_id=camera_02 frame_fps=9.99 pose_fps=9.99 avg_capture_ms=0.6 avg_pose_ms=38.8 avg_encode_ms=2.6 avg_frame_upload_ms=0.2 avg_pose_upload_ms=0.4 avg_frame_kb=27.8 upload_kb_s=278.2 sent_frames=50 failed_frames=0 sent_poses=50 failed_poses=0
2026-06-30 15:12:39,343 INFO app.metrics - metrics camera_id=camera_02 frame_fps=9.99 pose_fps=9.99 avg_capture_ms=0.6 avg_pose_ms=33.1 avg_encode_ms=2.2 avg_frame_upload_ms=0.2 avg_pose_upload_ms=0.3 avg_frame_kb=26.9 upload_kb_s=269.2 sent_frames=50 failed_frames=0 sent_poses=50 failed_poses=0
2026-06-30 15:12:44,347 INFO app.metrics - metrics camera_id=camera_02 frame_fps=9.99 pose_fps=9.99 avg_capture_ms=0.7 avg_pose_ms=39.5 avg_encode_ms=2.7 avg_frame_upload_ms=0.2 avg_pose_upload_ms=0.4 avg_frame_kb=28.6 upload_kb_s=285.4 sent_frames=50 failed_frames=0 sent_poses=50 failed_poses=0
2026-06-30 15:12:49,351 INFO app.metrics - metrics camera_id=camera_02 frame_fps=9.99 pose_fps=9.99 avg_capture_ms=0.6 avg_pose_ms=39.9 avg_encode_ms=2.7 avg_frame_upload_ms=0.2 avg_pose_upload_ms=0.4 avg_frame_kb=28.1 upload_kb_s=280.9 sent_frames=50 failed_frames=0 sent_poses=50 failed_poses=0
2026-06-30 15:12:54,354 INFO app.metrics - metrics camera_id=camera_02 frame_fps=9.99 pose_fps=9.99 avg_capture_ms=0.6 avg_pose_ms=39.2 avg_encode_ms=2.7 avg_frame_upload_ms=0.2 avg_pose_upload_ms=0.4 avg_frame_kb=28.7 upload_kb_s=287.1 sent_frames=50 failed_frames=0 sent_poses=50 failed_poses=0
2026-06-30 15:12:59,045 WARNING app.network.websocket_client - Could not send websocket message: timed out
2026-06-30 15:13:02,049 INFO app.network.websocket_client - Connecting camera websocket: ws://10.56.30.79:8000/api/cameras/camera_02/ws
2026-06-30 15:13:02,056 INFO app.metrics - metrics camera_id=camera_02 frame_fps=2.21 pose_fps=2.21 avg_capture_ms=0.4 avg_pose_ms=32.4 avg_encode_ms=2.1 avg_frame_upload_ms=356.1 avg_pose_upload_ms=4.3 avg_frame_kb=29.1 upload_kb_s=64.2 sent_frames=17 failed_frames=0 sent_poses=16 failed_poses=1
2026-06-30 15:13:07,095 INFO app.metrics - metrics camera_id=camera_02 frame_fps=10.32 pose_fps=10.12 avg_capture_ms=1.0 avg_pose_ms=40.9 avg_encode_ms=2.8 avg_frame_upload_ms=0.3 avg_pose_upload_ms=0.4 avg_frame_kb=26.7 upload_kb_s=275.7 sent_frames=52 failed_frames=0 sent_poses=51 failed_poses=0
2026-06-30 15:13:12,099 INFO app.metrics - metrics camera_id=camera_02 frame_fps=9.99 pose_fps=9.99 avg_capture_ms=0.5 avg_pose_ms=36.0 avg_encode_ms=2.2 avg_frame_upload_ms=0.2 avg_pose_upload_ms=0.3 avg_frame_kb=23.8 upload_kb_s=238.2 sent_frames=50 failed_frames=0 sent_poses=50 failed_poses=0
2026-06-30 15:13:17,105 INFO app.metrics - metrics camera_id=camera_02 frame_fps=9.99 pose_fps=9.99 avg_capture_ms=0.4 avg_pose_ms=36.3 avg_encode_ms=2.3 avg_frame_upload_ms=0.2 avg_pose_upload_ms=0.3 avg_frame_kb=27.7 upload_kb_s=277.0 sent_frames=50 failed_frames=0 sent_poses=50 failed_poses=0
2026-06-30 15:13:22,108 INFO app.metrics - metrics camera_id=camera_02 frame_fps=9.99 pose_fps=9.99 avg_capture_ms=0.6 avg_pose_ms=38.0 avg_encode_ms=2.4 avg_frame_upload_ms=0.2 avg_pose_upload_ms=0.3 avg_frame_kb=24.6 upload_kb_s=245.9 sent_frames=50 failed_frames=0 sent_poses=50 failed_poses=0
2026-06-30 15:13:27,112 INFO app.metrics - metrics camera_id=camera_02 frame_fps=9.99 pose_fps=9.99 avg_capture_ms=0.6 avg_pose_ms=34.5 avg_encode_ms=2.3 avg_frame_upload_ms=0.2 avg_pose_upload_ms=0.3 avg_frame_kb=28.4 upload_kb_s=283.5 sent_frames=50 failed_frames=0 sent_poses=50 failed_poses=0
2026-06-30 15:13:32,116 INFO app.metrics - metrics camera_id=camera_02 frame_fps=9.99 pose_fps=9.99 avg_capture_ms=0.5 avg_pose_ms=39.8 avg_encode_ms=2.7 avg_frame_upload_ms=0.2 avg_pose_upload_ms=0.4 avg_frame_kb=27.9 upload_kb_s=279.2 sent_frames=50 failed_frames=0 sent_poses=50 failed_poses=0
2026-06-30 15:13:37,119 INFO app.metrics - metrics camera_id=camera_02 frame_fps=9.99 pose_fps=9.99 avg_capture_ms=0.5 avg_pose_ms=39.4 avg_encode_ms=2.6 avg_frame_upload_ms=0.2 avg_pose_upload_ms=0.4 avg_frame_kb=27.6 upload_kb_s=275.8 sent_frames=50 failed_frames=0 sent_poses=50 failed_poses=0
2026-06-30 15:13:42,123 INFO app.metrics - metrics camera_id=camera_02 frame_fps=9.99 pose_fps=9.99 avg_capture_ms=0.6 avg_pose_ms=39.5 avg_encode_ms=2.7 avg_frame_upload_ms=0.2 avg_pose_upload_ms=0.4 avg_frame_kb=27.7 upload_kb_s=276.7 sent_frames=50 failed_frames=0 sent_poses=50 failed_poses=0
2026-06-30 15:13:47,868 WARNING app.network.websocket_client - Could not send websocket message: timed out
2026-06-30 15:13:50,871 INFO app.network.websocket_client - Connecting camera websocket: ws://10.56.30.79:8000/api/cameras/camera_02/ws
2026-06-30 15:13:50,874 INFO app.metrics - metrics camera_id=camera_02 frame_fps=1.83 pose_fps=1.71 avg_capture_ms=0.5 avg_pose_ms=38.6 avg_encode_ms=2.6 avg_frame_upload_ms=453.6 avg_pose_upload_ms=94.0 avg_frame_kb=27.4 upload_kb_s=50.1 sent_frames=16 failed_frames=0 sent_poses=14 failed_poses=1
2026-06-30 15:13:55,935 INFO app.metrics - metrics camera_id=camera_02 frame_fps=10.27 pose_fps=10.08 avg_capture_ms=0.6 avg_pose_ms=37.8 avg_encode_ms=2.5 avg_frame_upload_ms=0.2 avg_pose_upload_ms=0.3 avg_frame_kb=27.4 upload_kb_s=281.3 sent_frames=52 failed_frames=0 sent_poses=51 failed_poses=0
2026-06-30 15:14:00,938 INFO app.metrics - metrics camera_id=camera_02 frame_fps=9.99 pose_fps=9.99 avg_capture_ms=0.4 avg_pose_ms=32.5 avg_encode_ms=2.1 avg_frame_upload_ms=0.2 avg_pose_upload_ms=0.3 avg_frame_kb=27.3 upload_kb_s=273.3 sent_frames=50 failed_frames=0 sent_poses=50 failed_poses=0
2026-06-30 15:14:05,943 INFO app.metrics - metrics camera_id=camera_02 frame_fps=9.99 pose_fps=9.99 avg_capture_ms=0.4 avg_pose_ms=33.8 avg_encode_ms=2.2 avg_frame_upload_ms=0.2 avg_pose_upload_ms=0.3 avg_frame_kb=27.6 upload_kb_s=276.1 sent_frames=50 failed_frames=0 sent_poses=50 failed_poses=0
2026-06-30 15:14:10,946 INFO app.metrics - metrics camera_id=camera_02 frame_fps=9.99 pose_fps=9.99 avg_capture_ms=0.7 avg_pose_ms=39.5 avg_encode_ms=2.6 avg_frame_upload_ms=0.2 avg_pose_upload_ms=0.4 avg_frame_kb=27.7 upload_kb_s=276.4 sent_frames=50 failed_frames=0 sent_poses=50 failed_poses=0
2026-06-30 15:14:15,949 INFO app.metrics - metrics camera_id=camera_02 frame_fps=9.99 pose_fps=9.99 avg_capture_ms=0.5 avg_pose_ms=38.1 avg_encode_ms=2.5 avg_frame_upload_ms=0.2 avg_pose_upload_ms=0.3 avg_frame_kb=27.8 upload_kb_s=277.7 sent_frames=50 failed_frames=0 sent_poses=50 failed_poses=0
2026-06-30 15:14:20,953 INFO app.metrics - metrics camera_id=camera_02 frame_fps=9.99 pose_fps=9.99 avg_capture_ms=0.4 avg_pose_ms=33.4 avg_encode_ms=2.1 avg_frame_upload_ms=0.2 avg_pose_upload_ms=0.3 avg_frame_kb=24.3 upload_kb_s=242.7 sent_frames=50 failed_frames=0 sent_poses=50 failed_poses=0
2026-06-30 15:14:25,957 INFO app.metrics - metrics camera_id=camera_02 frame_fps=9.99 pose_fps=9.99 avg_capture_ms=0.6 avg_pose_ms=32.7 avg_encode_ms=2.0 avg_frame_upload_ms=0.2 avg_pose_upload_ms=0.3 avg_frame_kb=22.9 upload_kb_s=228.5 sent_frames=50 failed_frames=0 sent_poses=50 failed_poses=0
