+ cd /home/willtek/OnDeviceAI/server
+ python3 -m venv .venv
+ .venv/bin/python -m pip install --upgrade pip
Looking in indexes: https://pypi.org/simple, https://www.piwheels.org/simple
Requirement already satisfied: pip in ./.venv/lib/python3.11/site-packages (23.0.1)
Collecting pip
  Obtaining dependency information for pip from https://www.piwheels.org/simple/pip/pip-26.1.2-py3-none-any.whl.metadata
  Using cached https://www.piwheels.org/simple/pip/pip-26.1.2-py3-none-any.whl.metadata (4.6 kB)
Using cached https://www.piwheels.org/simple/pip/pip-26.1.2-py3-none-any.whl (1.8 MB)
Using cached https://www.piwheels.org/simple/pip/pip-26.1.2-py3-none-any.whl (1.8 MB)
Installing collected packages: pip
  Attempting uninstall: pip
    Found existing installation: pip 23.0.1
    Uninstalling pip-23.0.1:
      Successfully uninstalled pip-23.0.1
Successfully installed pip-26.1.2
+ .venv/bin/python -m pip install -r requirements.txt
Looking in indexes: https://pypi.org/simple, https://www.piwheels.org/simple
Collecting fastapi==0.115.6 (from -r requirements.txt (line 1))
  Using cached fastapi-0.115.6-py3-none-any.whl.metadata (27 kB)
Collecting jinja2==3.1.5 (from -r requirements.txt (line 2))
  Using cached jinja2-3.1.5-py3-none-any.whl.metadata (2.6 kB)
Collecting python-dotenv==1.0.1 (from -r requirements.txt (line 3))
  Using cached python_dotenv-1.0.1-py3-none-any.whl.metadata (23 kB)
Collecting python-multipart==0.0.20 (from -r requirements.txt (line 4))
  Using cached python_multipart-0.0.20-py3-none-any.whl.metadata (1.8 kB)
Collecting uvicorn==0.34.0 (from uvicorn[standard]==0.34.0->-r requirements.txt (line 5))
  Using cached uvicorn-0.34.0-py3-none-any.whl.metadata (6.5 kB)
Collecting edge-tts==7.2.8 (from -r requirements.txt (line 8))
  Using cached edge_tts-7.2.8-py3-none-any.whl.metadata (5.5 kB)
Collecting starlette<0.42.0,>=0.40.0 (from fastapi==0.115.6->-r requirements.txt (line 1))
  Using cached starlette-0.41.3-py3-none-any.whl.metadata (6.0 kB)
Collecting pydantic!=1.8,!=1.8.1,!=2.0.0,!=2.0.1,!=2.1.0,<3.0.0,>=1.7.4 (from fastapi==0.115.6->-r requirements.txt (line 1))
  Using cached pydantic-2.13.4-py3-none-any.whl.metadata (109 kB)
Collecting typing-extensions>=4.8.0 (from fastapi==0.115.6->-r requirements.txt (line 1))
  Using cached typing_extensions-4.15.0-py3-none-any.whl.metadata (3.3 kB)
Collecting MarkupSafe>=2.0 (from jinja2==3.1.5->-r requirements.txt (line 2))
  Using cached markupsafe-3.0.3-cp311-cp311-manylinux2014_aarch64.manylinux_2_17_aarch64.manylinux_2_28_aarch64.whl.metadata (2.7 kB)
Collecting click>=7.0 (from uvicorn==0.34.0->uvicorn[standard]==0.34.0->-r requirements.txt (line 5))
  Using cached click-8.4.2-py3-none-any.whl.metadata (2.6 kB)
Collecting h11>=0.8 (from uvicorn==0.34.0->uvicorn[standard]==0.34.0->-r requirements.txt (line 5))
  Using cached h11-0.16.0-py3-none-any.whl.metadata (8.3 kB)
Collecting aiohttp<4.0.0,>=3.8.0 (from edge-tts==7.2.8->-r requirements.txt (line 8))
  Using cached aiohttp-3.14.1-cp311-cp311-manylinux2014_aarch64.manylinux_2_17_aarch64.manylinux_2_28_aarch64.whl.metadata (8.3 kB)
Collecting certifi>=2023.11.17 (from edge-tts==7.2.8->-r requirements.txt (line 8))
  Using cached certifi-2026.6.17-py3-none-any.whl.metadata (2.5 kB)
Collecting tabulate<1.0.0,>=0.4.4 (from edge-tts==7.2.8->-r requirements.txt (line 8))
  Using cached tabulate-0.10.0-py3-none-any.whl.metadata (39 kB)
Collecting httptools>=0.6.3 (from uvicorn[standard]==0.34.0->-r requirements.txt (line 5))
  Using cached httptools-0.8.0-cp311-cp311-manylinux2014_aarch64.manylinux_2_17_aarch64.manylinux_2_28_aarch64.whl.metadata (3.5 kB)
Collecting pyyaml>=5.1 (from uvicorn[standard]==0.34.0->-r requirements.txt (line 5))
  Using cached pyyaml-6.0.3-cp311-cp311-manylinux2014_aarch64.manylinux_2_17_aarch64.manylinux_2_28_aarch64.whl.metadata (2.4 kB)
Collecting uvloop!=0.15.0,!=0.15.1,>=0.14.0 (from uvicorn[standard]==0.34.0->-r requirements.txt (line 5))
  Using cached uvloop-0.22.1-cp311-cp311-manylinux2014_aarch64.manylinux_2_17_aarch64.manylinux_2_28_aarch64.whl.metadata (4.9 kB)
Collecting watchfiles>=0.13 (from uvicorn[standard]==0.34.0->-r requirements.txt (line 5))
  Using cached watchfiles-1.2.0-cp311-cp311-manylinux_2_17_aarch64.manylinux2014_aarch64.whl.metadata (4.9 kB)
Collecting websockets>=10.4 (from uvicorn[standard]==0.34.0->-r requirements.txt (line 5))
  Using cached websockets-16.0-cp311-cp311-manylinux2014_aarch64.manylinux_2_17_aarch64.manylinux_2_28_aarch64.whl.metadata (6.8 kB)
Collecting aiohappyeyeballs>=2.5.0 (from aiohttp<4.0.0,>=3.8.0->edge-tts==7.2.8->-r requirements.txt (line 8))
  Using cached aiohappyeyeballs-2.6.2-py3-none-any.whl.metadata (5.9 kB)
Collecting aiosignal>=1.4.0 (from aiohttp<4.0.0,>=3.8.0->edge-tts==7.2.8->-r requirements.txt (line 8))
  Using cached aiosignal-1.4.0-py3-none-any.whl.metadata (3.7 kB)
Collecting attrs>=17.3.0 (from aiohttp<4.0.0,>=3.8.0->edge-tts==7.2.8->-r requirements.txt (line 8))
  Using cached attrs-26.1.0-py3-none-any.whl.metadata (8.8 kB)
Collecting frozenlist>=1.1.1 (from aiohttp<4.0.0,>=3.8.0->edge-tts==7.2.8->-r requirements.txt (line 8))
  Using cached frozenlist-1.8.0-cp311-cp311-manylinux2014_aarch64.manylinux_2_17_aarch64.manylinux_2_28_aarch64.whl.metadata (20 kB)
Collecting multidict<7.0,>=4.5 (from aiohttp<4.0.0,>=3.8.0->edge-tts==7.2.8->-r requirements.txt (line 8))
  Using cached multidict-6.7.1-cp311-cp311-manylinux2014_aarch64.manylinux_2_17_aarch64.manylinux_2_28_aarch64.whl.metadata (5.3 kB)
Collecting propcache>=0.2.0 (from aiohttp<4.0.0,>=3.8.0->edge-tts==7.2.8->-r requirements.txt (line 8))
  Using cached propcache-0.5.2-cp311-cp311-manylinux2014_aarch64.manylinux_2_17_aarch64.manylinux_2_28_aarch64.whl.metadata (16 kB)
Collecting yarl<2.0,>=1.17.0 (from aiohttp<4.0.0,>=3.8.0->edge-tts==7.2.8->-r requirements.txt (line 8))
  Using cached yarl-1.24.2-cp311-cp311-manylinux2014_aarch64.manylinux_2_17_aarch64.manylinux_2_28_aarch64.whl.metadata (94 kB)
Collecting annotated-types>=0.6.0 (from pydantic!=1.8,!=1.8.1,!=2.0.0,!=2.0.1,!=2.1.0,<3.0.0,>=1.7.4->fastapi==0.115.6->-r requirements.txt (line 1))
  Using cached annotated_types-0.7.0-py3-none-any.whl.metadata (15 kB)
Collecting pydantic-core==2.46.4 (from pydantic!=1.8,!=1.8.1,!=2.0.0,!=2.0.1,!=2.1.0,<3.0.0,>=1.7.4->fastapi==0.115.6->-r requirements.txt (line 1))
  Using cached pydantic_core-2.46.4-cp311-cp311-manylinux_2_17_aarch64.manylinux2014_aarch64.whl.metadata (6.6 kB)
Collecting typing-inspection>=0.4.2 (from pydantic!=1.8,!=1.8.1,!=2.0.0,!=2.0.1,!=2.1.0,<3.0.0,>=1.7.4->fastapi==0.115.6->-r requirements.txt (line 1))
  Using cached typing_inspection-0.4.2-py3-none-any.whl.metadata (2.6 kB)
Collecting anyio<5,>=3.4.0 (from starlette<0.42.0,>=0.40.0->fastapi==0.115.6->-r requirements.txt (line 1))
  Using cached anyio-4.14.1-py3-none-any.whl.metadata (4.6 kB)
Collecting idna>=2.8 (from anyio<5,>=3.4.0->starlette<0.42.0,>=0.40.0->fastapi==0.115.6->-r requirements.txt (line 1))
  Using cached idna-3.18-py3-none-any.whl.metadata (6.1 kB)
Using cached fastapi-0.115.6-py3-none-any.whl (94 kB)
Using cached jinja2-3.1.5-py3-none-any.whl (134 kB)
Using cached python_dotenv-1.0.1-py3-none-any.whl (19 kB)
Using cached python_multipart-0.0.20-py3-none-any.whl (24 kB)
Using cached uvicorn-0.34.0-py3-none-any.whl (62 kB)
Using cached edge_tts-7.2.8-py3-none-any.whl (31 kB)
Using cached aiohttp-3.14.1-cp311-cp311-manylinux2014_aarch64.manylinux_2_17_aarch64.manylinux_2_28_aarch64.whl (1.8 MB)
Using cached multidict-6.7.1-cp311-cp311-manylinux2014_aarch64.manylinux_2_17_aarch64.manylinux_2_28_aarch64.whl (246 kB)
Using cached pydantic-2.13.4-py3-none-any.whl (472 kB)
Using cached pydantic_core-2.46.4-cp311-cp311-manylinux_2_17_aarch64.manylinux2014_aarch64.whl (2.0 MB)
Using cached starlette-0.41.3-py3-none-any.whl (73 kB)
Using cached anyio-4.14.1-py3-none-any.whl (123 kB)
Using cached tabulate-0.10.0-py3-none-any.whl (39 kB)
Using cached typing_extensions-4.15.0-py3-none-any.whl (44 kB)
Using cached yarl-1.24.2-cp311-cp311-manylinux2014_aarch64.manylinux_2_17_aarch64.manylinux_2_28_aarch64.whl (105 kB)
Using cached aiohappyeyeballs-2.6.2-py3-none-any.whl (15 kB)
Using cached aiosignal-1.4.0-py3-none-any.whl (7.5 kB)
Using cached annotated_types-0.7.0-py3-none-any.whl (13 kB)
Using cached attrs-26.1.0-py3-none-any.whl (67 kB)
Using cached certifi-2026.6.17-py3-none-any.whl (133 kB)
Using cached click-8.4.2-py3-none-any.whl (119 kB)
Using cached frozenlist-1.8.0-cp311-cp311-manylinux2014_aarch64.manylinux_2_17_aarch64.manylinux_2_28_aarch64.whl (233 kB)
Using cached h11-0.16.0-py3-none-any.whl (37 kB)
Using cached httptools-0.8.0-cp311-cp311-manylinux2014_aarch64.manylinux_2_17_aarch64.manylinux_2_28_aarch64.whl (464 kB)
Using cached idna-3.18-py3-none-any.whl (65 kB)
Using cached markupsafe-3.0.3-cp311-cp311-manylinux2014_aarch64.manylinux_2_17_aarch64.manylinux_2_28_aarch64.whl (24 kB)
Using cached propcache-0.5.2-cp311-cp311-manylinux2014_aarch64.manylinux_2_17_aarch64.manylinux_2_28_aarch64.whl (57 kB)
Using cached pyyaml-6.0.3-cp311-cp311-manylinux2014_aarch64.manylinux_2_17_aarch64.manylinux_2_28_aarch64.whl (775 kB)
Using cached typing_inspection-0.4.2-py3-none-any.whl (14 kB)
Using cached uvloop-0.22.1-cp311-cp311-manylinux2014_aarch64.manylinux_2_17_aarch64.manylinux_2_28_aarch64.whl (3.8 MB)
Using cached watchfiles-1.2.0-cp311-cp311-manylinux_2_17_aarch64.manylinux2014_aarch64.whl (456 kB)
Using cached websockets-16.0-cp311-cp311-manylinux2014_aarch64.manylinux_2_17_aarch64.manylinux_2_28_aarch64.whl (185 kB)
Installing collected packages: websockets, uvloop, typing-extensions, tabulate, pyyaml, python-multipart, python-dotenv, propcache, multidict, MarkupSafe, idna, httptools, h11, frozenlist, click, certifi, attrs, annotated-types, aiohappyeyeballs, yarl, uvicorn, typing-inspection, pydantic-core, jinja2, anyio, aiosignal, watchfiles, starlette, pydantic, aiohttp, fastapi, edge-tts

Successfully installed MarkupSafe-3.0.3 aiohappyeyeballs-2.6.2 aiohttp-3.14.1 aiosignal-1.4.0 annotated-types-0.7.0 anyio-4.14.1 attrs-26.1.0 certifi-2026.6.17 click-8.4.2 edge-tts-7.2.8 fastapi-0.115.6 frozenlist-1.8.0 h11-0.16.0 httptools-0.8.0 idna-3.18 jinja2-3.1.5 multidict-6.7.1 propcache-0.5.2 pydantic-2.13.4 pydantic-core-2.46.4 python-dotenv-1.0.1 python-multipart-0.0.20 pyyaml-6.0.3 starlette-0.41.3 tabulate-0.10.0 typing-extensions-4.15.0 typing-inspection-0.4.2 uvicorn-0.34.0 uvloop-0.22.1 watchfiles-1.2.0 websockets-16.0 yarl-1.24.2
+ .venv/bin/python -m pip check
No broken requirements found.
